IQ-TREE multicore version 1.5.5 for Linux 64-bit built Jun  2 2017
Copyright (c) 2011-2017 by Bui Quang Minh, Nguyen Lam Tung,
Olga Chernomor, Heiko Schmidt, and Arndt von Haeseler.

Host:    david-Inspiron-15-3567 (AVX2, FMA3, 3 GB RAM)
Command: ./iqtree-omp -s sequence_all_seed_number_11_model1.fasta -m GTR+R4 -nt AUTO -alrt 1000 -bb 1000
Seed:    24113 (Using SPRNG - Scalable Parallel Random Number Generator)
Time:    Sat Oct 21 20:47:57 2017
Kernel:  AVX+FMA - auto-detect threads (4 CPU cores detected)

Reading alignment file sequence_all_seed_number_11_model1.fasta ... Phylip format detected
Alignment most likely contains DNA/RNA sequences
Alignment has 675 sequences with 1000 columns and 1000 patterns (1000 informative sites, 0 constant sites)
     Gap/Ambiguity  Composition  p-value
   1  0      0.00%    passed     83.66%
   2  2      0.00%    passed     73.96%
   3  442    0.00%    passed     25.07%
   4  304    0.00%    passed     93.00%
   5  262    0.00%    passed     76.82%
   6  232    0.00%    passed      9.62%
   7  409    0.00%    passed     14.35%
   8  188    0.00%    passed     16.91%
   9  140    0.00%    passed     64.34%
  10  78     0.00%    passed     41.46%
  11  180    0.00%    passed     17.10%
  12  58     0.00%    passed     64.67%
  13  73     0.00%    passed     66.88%
  14  198    0.00%    passed     82.02%
  15  377    0.00%    passed     95.84%
  16  454    0.00%    passed      5.03%
  17  459    0.00%    passed     48.00%
  18  397    0.00%    passed     23.85%
  19  163    0.00%    passed     60.57%
  20  139    0.00%    passed     58.23%
  21  381    0.00%    passed      8.97%
  22  120    0.00%    passed     55.80%
  23  186    0.00%    passed     19.75%
  24  348    0.00%    passed     13.18%
  25  266    0.00%    passed     18.70%
  26  144    0.00%    passed     89.03%
  27  109    0.00%    passed     47.59%
  28  108    0.00%    passed     25.21%
  29  69     0.00%    passed     21.90%
  30  372    0.00%    passed     72.53%
  31  291    0.00%    passed     23.23%
  32  244    0.00%    passed     73.81%
  33  196    0.00%    passed     86.59%
  34  172    0.00%    passed     34.34%
  35  150    0.00%    passed     95.57%
  36  90     0.00%    passed     14.08%
  37  72     0.00%    passed     72.61%
  38  475    0.00%    passed     53.73%
  39  576    0.00%    passed      8.00%
  40  44     0.00%    passed     42.64%
  41  29     0.00%    passed     96.65%
  42  521    0.00%    passed     47.44%
  43  40     0.00%    passed     18.23%
  44  287    0.00%    passed     57.58%
  45  278    0.00%    passed     85.23%
  46  258    0.00%    passed     33.19%
  47  255    0.00%    passed     47.30%
  48  238    0.00%    passed     76.03%
  49  208    0.00%    passed     50.03%
  50  182    0.00%    passed     63.36%
  51  164    0.00%    passed     41.04%
  52  455    0.00%    passed     49.97%
  53  247    0.00%    passed     45.76%
  54  122    0.00%    passed     88.13%
  55  191    0.00%    passed     17.38%
  56  400    0.00%    passed     19.85%
  57  388    0.00%    passed     95.28%
  58  549    0.00%    passed     17.50%
  59  559    0.00%    passed     42.05%
  60  386    0.00%    passed     75.73%
  61  405    0.00%    passed     50.18%
  62  321    0.00%    passed     58.62%
  63  305    0.00%    passed     18.12%
  64  284    0.00%    failed      2.82%
  65  276    0.00%    passed     77.51%
  66  229    0.00%    passed     96.68%
  67  202    0.00%    passed     10.21%
  68  298    0.00%    failed      3.17%
  69  542    0.00%    passed     84.74%
  70  115    0.00%    passed     86.76%
  71  369    0.00%    passed     62.25%
  72  452    0.00%    passed     85.37%
  73  389    0.00%    passed     72.99%
  74  319    0.00%    passed     87.66%
  75  112    0.00%    failed      0.28%
  76  438    0.00%    passed     44.10%
  77  466    0.00%    passed     75.47%
  78  97     0.00%    passed     57.36%
  79  82     0.00%    passed     10.41%
  80  62     0.00%    failed      3.28%
  81  415    0.00%    passed     13.62%
  82  314    0.00%    passed     85.37%
  83  345    0.00%    passed     41.44%
  84  52     0.00%    passed     64.26%
  85  51     0.00%    passed     23.54%
  86  7      0.00%    passed     55.69%
  87  18     0.00%    passed     43.97%
  88  376    0.00%    passed     54.96%
  89  336    0.00%    passed     53.61%
  90  327    0.00%    passed     17.01%
  91  130    0.00%    passed     86.88%
  92  81     0.00%    failed      1.16%
  93  80     0.00%    failed      0.61%
  94  99     0.00%    passed     39.46%
  95  445    0.00%    passed     75.13%
  96  68     0.00%    passed     42.49%
  97  168    0.00%    passed     93.21%
  98  293    0.00%    passed     83.56%
  99  457    0.00%    passed     29.02%
 100  292    0.00%    passed     45.90%
 101  265    0.00%    passed     69.02%
 102  251    0.00%    passed     32.89%
 103  479    0.00%    passed      5.80%
 104  587    0.00%    passed     36.81%
 105  567    0.00%    failed      4.90%
 106  615    0.00%    passed     28.43%
 107  560    0.00%    passed     87.21%
 108  606    0.00%    passed     22.48%
 109  648    0.00%    passed     16.98%
 110  636    0.00%    passed     76.87%
 111  632    0.00%    passed      9.89%
 112  631    0.00%    passed     26.76%
 113  622    0.00%    passed     79.29%
 114  626    0.00%    failed      3.24%
 115  670    0.00%    passed     37.81%
 116  673    0.00%    passed     46.45%
 117  664    0.00%    passed     90.47%
 118  656    0.00%    passed     50.99%
 119  655    0.00%    passed     55.51%
 120  654    0.00%    passed     39.02%
 121  669    0.00%    passed     39.33%
 122  661    0.00%    passed     39.86%
 123  666    0.00%    passed     35.31%
 124  668    0.00%    passed     33.65%
 125  663    0.00%    passed     54.40%
 126  624    0.00%    passed      9.26%
 127  658    0.00%    passed     80.40%
 128  650    0.00%    passed     17.04%
 129  649    0.00%    passed     25.48%
 130  646    0.00%    passed     52.50%
 131  644    0.00%    passed     50.89%
 132  635    0.00%    passed     33.79%
 133  633    0.00%    passed     19.98%
 134  630    0.00%    passed     27.15%
 135  629    0.00%    failed      0.47%
 136  614    0.00%    passed     36.21%
 137  610    0.00%    passed     61.29%
 138  564    0.00%    passed     41.17%
 139  569    0.00%    passed     41.27%
 140  595    0.00%    passed     69.69%
 141  599    0.00%    passed     15.73%
 142  556    0.00%    passed     95.75%
 143  594    0.00%    passed     95.88%
 144  659    0.00%    passed     71.09%
 145  652    0.00%    passed     20.61%
 146  634    0.00%    passed     98.27%
 147  609    0.00%    passed     98.29%
 148  563    0.00%    passed     17.82%
 149  553    0.00%    failed      4.45%
 150  529    0.00%    passed     18.24%
 151  562    0.00%    passed     27.78%
 152  597    0.00%    passed     28.57%
 153  645    0.00%    passed     94.96%
 154  657    0.00%    passed     67.47%
 155  593    0.00%    passed     69.55%
 156  605    0.00%    passed     27.89%
 157  647    0.00%    passed     76.63%
 158  618    0.00%    passed     49.55%
 159  621    0.00%    passed     39.07%
 160  612    0.00%    passed     50.21%
 161  592    0.00%    passed     86.68%
 162  591    0.00%    failed      1.11%
 163  603    0.00%    failed      4.42%
 164  579    0.00%    passed     17.33%
 165  577    0.00%    passed     24.78%
 166  565    0.00%    failed      3.89%
 167  580    0.00%    passed     34.90%
 168  643    0.00%    passed     89.59%
 169  638    0.00%    passed      7.93%
 170  637    0.00%    passed      7.05%
 171  627    0.00%    passed     25.57%
 172  623    0.00%    passed     47.11%
 173  620    0.00%    passed     67.98%
 174  653    0.00%    passed     39.74%
 175  672    0.00%    passed     92.48%
 176  674    0.00%    passed     26.15%
 177  662    0.00%    passed     73.54%
 178  660    0.00%    passed     42.45%
 179  601    0.00%    passed     35.50%
 180  600    0.00%    passed     90.91%
 181  604    0.00%    passed     67.11%
 182  642    0.00%    passed     14.39%
 183  641    0.00%    passed     68.58%
 184  671    0.00%    passed     56.59%
 185  640    0.00%    passed     52.81%
 186  628    0.00%    passed     86.87%
 187  611    0.00%    passed     23.53%
 188  608    0.00%    passed     61.46%
 189  588    0.00%    passed     39.60%
 190  583    0.00%    passed     30.96%
 191  582    0.00%    passed     93.89%
 192  540    0.00%    failed      1.03%
 193  619    0.00%    passed     70.83%
 194  602    0.00%    passed     19.94%
 195  596    0.00%    passed     41.02%
 196  585    0.00%    passed     75.82%
 197  613    0.00%    passed     37.28%
 198  578    0.00%    passed     47.34%
 199  555    0.00%    passed     81.71%
 200  550    0.00%    passed     94.01%
 201  546    0.00%    passed     76.60%
 202  545    0.00%    passed     59.55%
 203  543    0.00%    passed     66.96%
 204  598    0.00%    passed     89.28%
 205  481    0.00%    passed     49.91%
 206  482    0.00%    passed     60.82%
 207  536    0.00%    passed     99.59%
 208  538    0.00%    passed     88.17%
 209  586    0.00%    passed     78.99%
 210  530    0.00%    passed     64.77%
 211  527    0.00%    passed     89.93%
 212  522    0.00%    passed     99.13%
 213  514    0.00%    passed     28.77%
 214  504    0.00%    passed     50.21%
 215  502    0.00%    failed      0.07%
 216  497    0.00%    passed     26.23%
 217  568    0.00%    passed     21.22%
 218  665    0.00%    passed     97.62%
 219  651    0.00%    passed     39.08%
 220  589    0.00%    passed     86.05%
 221  571    0.00%    failed      3.63%
 222  558    0.00%    passed     75.71%
 223  513    0.00%    passed     12.57%
 224  486    0.00%    passed     58.35%
 225  235    0.00%    passed     24.12%
 226  199    0.00%    failed      3.90%
 227  260    0.00%    passed     76.38%
 228  197    0.00%    passed     57.94%
 229  184    0.00%    passed     50.55%
 230  64     0.00%    passed     86.29%
 231  74     0.00%    passed     96.68%
 232  245    0.00%    passed     15.74%
 233  425    0.00%    passed     41.77%
 234  215    0.00%    passed     35.37%
 235  451    0.00%    passed     23.51%
 236  216    0.00%    passed     74.63%
 237  204    0.00%    passed     23.31%
 238  218    0.00%    passed     12.24%
 239  506    0.00%    passed      9.73%
 240  440    0.00%    passed     66.82%
 241  416    0.00%    passed     24.00%
 242  363    0.00%    passed     54.87%
 243  351    0.00%    passed     21.64%
 244  175    0.00%    passed     13.83%
 245  171    0.00%    passed     69.36%
 246  183    0.00%    passed     52.24%
 247  501    0.00%    passed     66.36%
 248  399    0.00%    passed     91.46%
 249  300    0.00%    passed     83.33%
 250  162    0.00%    passed     40.90%
 251  161    0.00%    passed     77.81%
 252  160    0.00%    passed     81.95%
 253  125    0.00%    passed     31.31%
 254  114    0.00%    passed     12.92%
 255  88     0.00%    passed     56.61%
 256  55     0.00%    passed     44.77%
 257  36     0.00%    passed     74.71%
 258  503    0.00%    passed     62.16%
 259  573    0.00%    passed     15.02%
 260  25     0.00%    passed     18.00%
 261  32     0.00%    passed     22.52%
 262  315    0.00%    passed     97.43%
 263  344    0.00%    passed     31.16%
 264  510    0.00%    passed     15.14%
 265  667    0.00%    passed     12.33%
 266  267    0.00%    passed     81.42%
 267  461    0.00%    passed     32.65%
 268  552    0.00%    passed     73.54%
 269  535    0.00%    passed     21.48%
 270  526    0.00%    passed     49.10%
 271  516    0.00%    passed     13.79%
 272  570    0.00%    passed     86.44%
 273  572    0.00%    passed     91.51%
 274  498    0.00%    passed     71.38%
 275  473    0.00%    failed      1.06%
 276  222    0.00%    passed     33.73%
 277  79     0.00%    passed     10.29%
 278  166    0.00%    passed     89.92%
 279  33     0.00%    passed     78.88%
 280  50     0.00%    passed     77.37%
 281  354    0.00%    passed     43.30%
 282  528    0.00%    passed     89.62%
 283  547    0.00%    passed     89.75%
 284  309    0.00%    passed     37.42%
 285  190    0.00%    passed     39.41%
 286  65     0.00%    passed     82.08%
 287  54     0.00%    passed     58.03%
 288  239    0.00%    passed      5.56%
 289  20     0.00%    passed     12.28%
 290  9      0.00%    passed     92.04%
 291  384    0.00%    passed     64.30%
 292  359    0.00%    passed     52.03%
 293  214    0.00%    passed     32.34%
 294  174    0.00%    passed     69.83%
 295  154    0.00%    passed     26.12%
 296  136    0.00%    passed     73.92%
 297  86     0.00%    passed     17.72%
 298  378    0.00%    passed     99.24%
 299  45     0.00%    passed     87.36%
 300  42     0.00%    failed      3.38%
 301  28     0.00%    passed     26.75%
 302  419    0.00%    passed     85.46%
 303  24     0.00%    passed     23.88%
 304  439    0.00%    passed     49.28%
 305  19     0.00%    passed     19.21%
 306  13     0.00%    passed     29.00%
 307  269    0.00%    failed      2.14%
 308  6      0.00%    passed     88.41%
 309  3      0.00%    passed     59.51%
 310  1      0.00%    passed     79.05%
 311  350    0.00%    passed     80.71%
 312  429    0.00%    passed     74.72%
 313  509    0.00%    passed      7.94%
 314  460    0.00%    passed     92.65%
 315  463    0.00%    passed     29.46%
 316  373    0.00%    passed     36.37%
 317  289    0.00%    passed     55.68%
 318  270    0.00%    passed     91.84%
 319  248    0.00%    passed     44.45%
 320  87     0.00%    passed     19.19%
 321  70     0.00%    passed     92.46%
 322  85     0.00%    passed     16.22%
 323  437    0.00%    passed     22.72%
 324  195    0.00%    passed     74.11%
 325  100    0.00%    passed     94.13%
 326  102    0.00%    passed     92.35%
 327  335    0.00%    passed     60.76%
 328  303    0.00%    passed     89.58%
 329  286    0.00%    passed     12.97%
 330  242    0.00%    passed     36.78%
 331  181    0.00%    passed     23.86%
 332  173    0.00%    passed     38.01%
 333  165    0.00%    passed     92.37%
 334  420    0.00%    passed     39.96%
 335  133    0.00%    passed     52.53%
 336  364    0.00%    passed     15.77%
 337  169    0.00%    passed     54.60%
 338  467    0.00%    passed     16.74%
 339  367    0.00%    passed     92.35%
 340  121    0.00%    passed     79.74%
 341  119    0.00%    passed     94.26%
 342  370    0.00%    passed     34.86%
 343  106    0.00%    failed      1.90%
 344  5      0.00%    passed     61.47%
 345  48     0.00%    passed     88.06%
 346  274    0.00%    passed     35.58%
 347  224    0.00%    passed     95.31%
 348  132    0.00%    passed     76.46%
 349  131    0.00%    passed     50.09%
 350  141    0.00%    failed      3.25%
 351  403    0.00%    failed      3.67%
 352  474    0.00%    passed     71.64%
 353  290    0.00%    passed     53.23%
 354  220    0.00%    passed     35.14%
 355  203    0.00%    passed     37.34%
 356  323    0.00%    passed     41.76%
 357  410    0.00%    passed     10.27%
 358  574    0.00%    passed     41.41%
 359  193    0.00%    passed     14.28%
 360  157    0.00%    passed     87.43%
 361  124    0.00%    failed      1.44%
 362  76     0.00%    passed     34.16%
 363  60     0.00%    passed     53.85%
 364  57     0.00%    passed     22.19%
 365  84     0.00%    passed     34.55%
 366  414    0.00%    passed     80.19%
 367  261    0.00%    passed     92.11%
 368  10     0.00%    passed      6.53%
 369  299    0.00%    passed     43.84%
 370  282    0.00%    passed     74.36%
 371  472    0.00%    passed     48.52%
 372  496    0.00%    passed     92.51%
 373  117    0.00%    passed     18.13%
 374  116    0.00%    passed     29.96%
 375  249    0.00%    passed     99.87%
 376  449    0.00%    passed     98.81%
 377  534    0.00%    failed      2.38%
 378  432    0.00%    passed     48.17%
 379  404    0.00%    passed     66.62%
 380  508    0.00%    passed     20.31%
 381  401    0.00%    passed     65.84%
 382  380    0.00%    passed     87.28%
 383  379    0.00%    passed     92.93%
 384  477    0.00%    passed     64.67%
 385  361    0.00%    passed     71.47%
 386  406    0.00%    passed     91.62%
 387  341    0.00%    passed     38.57%
 388  339    0.00%    passed     21.06%
 389  332    0.00%    passed     97.49%
 390  318    0.00%    passed     60.22%
 391  313    0.00%    passed     22.12%
 392  268    0.00%    passed     58.42%
 393  257    0.00%    passed     22.62%
 394  281    0.00%    passed     60.06%
 395  505    0.00%    passed     89.45%
 396  443    0.00%    passed     39.90%
 397  285    0.00%    passed     20.80%
 398  95     0.00%    passed     33.75%
 399  89     0.00%    passed     99.25%
 400  96     0.00%    passed     82.91%
 401  490    0.00%    passed     48.33%
 402  476    0.00%    passed     14.29%
 403  436    0.00%    passed     26.40%
 404  302    0.00%    passed     40.20%
 405  49     0.00%    passed     85.65%
 406  135    0.00%    passed     69.94%
 407  499    0.00%    passed     69.93%
 408  277    0.00%    failed      4.44%
 409  219    0.00%    passed     71.54%
 410  156    0.00%    passed     42.39%
 411  31     0.00%    passed      9.76%
 412  30     0.00%    passed      9.93%
 413  230    0.00%    passed     66.81%
 414  456    0.00%    passed     68.88%
 415  408    0.00%    passed     15.84%
 416  273    0.00%    passed     14.71%
 417  240    0.00%    passed     73.17%
 418  231    0.00%    passed     92.08%
 419  110    0.00%    passed     67.83%
 420  27     0.00%    passed     24.71%
 421  392    0.00%    passed     88.37%
 422  26     0.00%    passed     10.56%
 423  35     0.00%    passed     71.05%
 424  331    0.00%    passed     87.54%
 425  517    0.00%    passed     73.49%
 426  464    0.00%    passed     75.51%
 427  301    0.00%    passed     82.06%
 428  424    0.00%    passed     40.08%
 429  441    0.00%    passed     46.03%
 430  470    0.00%    passed     28.47%
 431  531    0.00%    passed     70.56%
 432  557    0.00%    passed     55.43%
 433  532    0.00%    passed     70.93%
 434  616    0.00%    passed     46.09%
 435  246    0.00%    passed     46.97%
 436  221    0.00%    passed     77.88%
 437  234    0.00%    passed     41.85%
 438  340    0.00%    passed     95.56%
 439  334    0.00%    passed     85.96%
 440  492    0.00%    passed     53.53%
 441  211    0.00%    passed     50.03%
 442  192    0.00%    passed     28.44%
 443  152    0.00%    passed     23.90%
 444  118    0.00%    passed      8.70%
 445  75     0.00%    passed     41.18%
 446  71     0.00%    passed     92.93%
 447  66     0.00%    passed     80.57%
 448  347    0.00%    passed     17.64%
 449  61     0.00%    passed      7.04%
 450  43     0.00%    passed     84.70%
 451  59     0.00%    passed     73.07%
 452  178    0.00%    passed     16.13%
 453  104    0.00%    passed     57.61%
 454  279    0.00%    passed     66.63%
 455  103    0.00%    passed      5.31%
 456  91     0.00%    passed     62.92%
 457  307    0.00%    passed     97.15%
 458  480    0.00%    passed     63.34%
 459  346    0.00%    passed     50.13%
 460  385    0.00%    passed     38.33%
 461  67     0.00%    passed     78.27%
 462  63     0.00%    passed     77.19%
 463  46     0.00%    passed     82.39%
 464  41     0.00%    passed     69.14%
 465  137    0.00%    passed     26.78%
 466  430    0.00%    passed     53.36%
 467  375    0.00%    failed      0.41%
 468  328    0.00%    passed     37.27%
 469  324    0.00%    passed     71.69%
 470  271    0.00%    passed     84.94%
 471  241    0.00%    passed     11.18%
 472  185    0.00%    passed     21.75%
 473  177    0.00%    passed     61.80%
 474  158    0.00%    failed      1.67%
 475  155    0.00%    failed      0.10%
 476  153    0.00%    passed     43.18%
 477  148    0.00%    passed     45.18%
 478  146    0.00%    passed     74.07%
 479  206    0.00%    passed     43.52%
 480  383    0.00%    passed     84.12%
 481  485    0.00%    passed     16.43%
 482  468    0.00%    passed     62.60%
 483  548    0.00%    passed     88.74%
 484  329    0.00%    passed     89.35%
 485  465    0.00%    passed      5.27%
 486  533    0.00%    passed     66.93%
 487  310    0.00%    passed     87.96%
 488  259    0.00%    passed     55.81%
 489  236    0.00%    passed      5.40%
 490  402    0.00%    passed     95.61%
 491  213    0.00%    passed     14.78%
 492  422    0.00%    passed     67.13%
 493  500    0.00%    passed     74.02%
 494  210    0.00%    passed     43.34%
 495  207    0.00%    passed     75.17%
 496  34     0.00%    passed     88.87%
 497  417    0.00%    failed      1.11%
 498  395    0.00%    passed     22.10%
 499  294    0.00%    passed     57.80%
 500  233    0.00%    passed     28.58%
 501  520    0.00%    passed     25.92%
 502  639    0.00%    passed      6.74%
 503  590    0.00%    passed     73.62%
 504  554    0.00%    passed     79.64%
 505  539    0.00%    passed     63.10%
 506  525    0.00%    passed     11.04%
 507  212    0.00%    passed     71.64%
 508  142    0.00%    passed     29.76%
 509  147    0.00%    passed     99.90%
 510  393    0.00%    passed     24.76%
 511  342    0.00%    passed     17.42%
 512  491    0.00%    passed     26.67%
 513  325    0.00%    passed     25.68%
 514  312    0.00%    passed     10.02%
 515  412    0.00%    passed     40.45%
 516  488    0.00%    passed     81.46%
 517  444    0.00%    passed     64.35%
 518  450    0.00%    passed     56.53%
 519  421    0.00%    passed     55.64%
 520  272    0.00%    passed     66.51%
 521  205    0.00%    passed     21.22%
 522  511    0.00%    passed     47.28%
 523  625    0.00%    passed     54.81%
 524  551    0.00%    passed     57.91%
 525  366    0.00%    passed     41.04%
 526  170    0.00%    passed     62.75%
 527  356    0.00%    passed     19.01%
 528  365    0.00%    passed     45.87%
 529  126    0.00%    passed     15.83%
 530  92     0.00%    failed      1.94%
 531  83     0.00%    passed     26.41%
 532  462    0.00%    passed     80.70%
 533  433    0.00%    passed     55.01%
 534  487    0.00%    passed     45.28%
 535  566    0.00%    passed     54.71%
 536  617    0.00%    passed      7.17%
 537  581    0.00%    passed     73.72%
 538  512    0.00%    passed     13.58%
 539  446    0.00%    passed     67.47%
 540  56     0.00%    passed     65.95%
 541  23     0.00%    passed     54.68%
 542  93     0.00%    passed     66.89%
 543  453    0.00%    passed     23.32%
 544  387    0.00%    passed     93.21%
 545  227    0.00%    passed     21.59%
 546  201    0.00%    passed     38.23%
 547  159    0.00%    passed     40.49%
 548  134    0.00%    passed     41.45%
 549  129    0.00%    passed     85.66%
 550  105    0.00%    passed     27.72%
 551  21     0.00%    passed     16.03%
 552  17     0.00%    passed     24.44%
 553  16     0.00%    passed     15.70%
 554  53     0.00%    passed     38.05%
 555  523    0.00%    passed     25.56%
 556  15     0.00%    passed     11.57%
 557  38     0.00%    passed     10.70%
 558  326    0.00%    passed     77.99%
 559  322    0.00%    passed     18.29%
 560  316    0.00%    passed     75.87%
 561  337    0.00%    passed     11.17%
 562  544    0.00%    passed     64.86%
 563  352    0.00%    passed     97.04%
 564  349    0.00%    passed     37.75%
 565  256    0.00%    passed     99.57%
 566  434    0.00%    passed     97.65%
 567  519    0.00%    passed      7.83%
 568  217    0.00%    passed     47.43%
 569  200    0.00%    passed     96.59%
 570  189    0.00%    passed     45.37%
 571  396    0.00%    passed     14.55%
 572  484    0.00%    passed     42.00%
 573  426    0.00%    passed     11.52%
 574  149    0.00%    passed     78.13%
 575  127    0.00%    passed     26.41%
 576  107    0.00%    failed      3.74%
 577  371    0.00%    passed     17.04%
 578  101    0.00%    passed     36.85%
 579  111    0.00%    passed     10.74%
 580  391    0.00%    passed      6.17%
 581  297    0.00%    passed     49.63%
 582  296    0.00%    failed      2.54%
 583  264    0.00%    passed     81.58%
 584  263    0.00%    passed     57.57%
 585  252    0.00%    passed     76.90%
 586  179    0.00%    passed     27.22%
 587  357    0.00%    passed     59.86%
 588  494    0.00%    passed     14.22%
 589  428    0.00%    passed     43.04%
 590  471    0.00%    passed     82.44%
 591  515    0.00%    passed     22.62%
 592  495    0.00%    passed     40.95%
 593  507    0.00%    passed      9.33%
 594  493    0.00%    passed     41.58%
 595  607    0.00%    passed     57.86%
 596  483    0.00%    failed      2.06%
 597  413    0.00%    passed     80.61%
 598  382    0.00%    passed     68.95%
 599  362    0.00%    passed     33.38%
 600  145    0.00%    passed     83.25%
 601  143    0.00%    passed     99.70%
 602  250    0.00%    passed     33.32%
 603  398    0.00%    failed      3.51%
 604  390    0.00%    passed     51.89%
 605  368    0.00%    passed      9.10%
 606  343    0.00%    passed     62.08%
 607  306    0.00%    passed     32.11%
 608  254    0.00%    passed     38.06%
 609  311    0.00%    passed     38.79%
 610  253    0.00%    passed     31.95%
 611  94     0.00%    passed     59.72%
 612  77     0.00%    passed     90.87%
 613  47     0.00%    passed     67.31%
 614  39     0.00%    passed     37.97%
 615  14     0.00%    passed     36.36%
 616  98     0.00%    passed     74.64%
 617  427    0.00%    passed     63.54%
 618  338    0.00%    failed      1.30%
 619  374    0.00%    passed     29.47%
 620  489    0.00%    passed     12.53%
 621  537    0.00%    failed      1.24%
 622  333    0.00%    passed     36.59%
 623  243    0.00%    passed     47.44%
 624  275    0.00%    failed      4.25%
 625  320    0.00%    passed     89.94%
 626  317    0.00%    passed     56.50%
 627  308    0.00%    passed     51.52%
 628  469    0.00%    passed     68.61%
 629  518    0.00%    passed     52.49%
 630  358    0.00%    passed      5.85%
 631  478    0.00%    passed      7.25%
 632  541    0.00%    passed     20.40%
 633  561    0.00%    passed     70.58%
 634  575    0.00%    passed     27.70%
 635  584    0.00%    passed     27.08%
 636  407    0.00%    passed     88.66%
 637  360    0.00%    passed     73.10%
 638  295    0.00%    passed      9.72%
 639  447    0.00%    passed     11.94%
 640  283    0.00%    passed     17.03%
 641  355    0.00%    passed     79.58%
 642  280    0.00%    passed     52.82%
 643  423    0.00%    passed     53.26%
 644  237    0.00%    passed     56.25%
 645  228    0.00%    passed     15.84%
 646  225    0.00%    failed      4.00%
 647  223    0.00%    passed     71.05%
 648  524    0.00%    passed     61.69%
 649  194    0.00%    passed     99.63%
 650  187    0.00%    passed     34.38%
 651  176    0.00%    passed     26.38%
 652  138    0.00%    passed     68.94%
 653  435    0.00%    passed     28.27%
 654  113    0.00%    passed     62.14%
 655  11     0.00%    passed     81.56%
 656  4      0.00%    passed     34.00%
 657  8      0.00%    passed     94.40%
 658  411    0.00%    passed     46.42%
 659  330    0.00%    passed     13.66%
 660  288    0.00%    passed     25.80%
 661  418    0.00%    passed     14.15%
 662  431    0.00%    passed     75.95%
 663  167    0.00%    passed     72.16%
 664  123    0.00%    passed     40.91%
 665  128    0.00%    passed     64.65%
 666  458    0.00%    passed     72.32%
 667  394    0.00%    passed      7.76%
 668  353    0.00%    failed      2.17%
 669  226    0.00%    passed     14.91%
 670  209    0.00%    failed      1.21%
 671  151    0.00%    passed     15.68%
 672  37     0.00%    passed     53.17%
 673  22     0.00%    passed     48.11%
 674  12     0.00%    passed     14.99%
 675  448    0.00%    passed     67.25%
****  TOTAL    0.00%  41 sequences failed composition chi2 test (p-value<5%; df=3)

Create initial parsimony tree by phylogenetic likelihood library (PLL)... 0.439 seconds
Generating 1000 samples for ultrafast bootstrap (seed: 24113)...

NOTE: 91 MB RAM (0 GB) is required!
Measuring multi-threading efficiency up to 4 CPU cores
Increase to 10 rounds for branch lengths
3 trees examined
Threads: 1 / Time: 4.426 sec / Speedup: 1.000 / Efficiency: 100% / LogL: -891118
Threads: 2 / Time: 3.144 sec / Speedup: 1.408 / Efficiency: 70% / LogL: -891118
Threads: 3 / Time: 3.491 sec / Speedup: 1.268 / Efficiency: 42% / LogL: -891118
BEST NUMBER OF THREADS: 2

Estimate model parameters (epsilon = 0.100)
1. Initial log-likelihood: -876108.124
2. Current log-likelihood: -867667.043
3. Current log-likelihood: -867281.372
4. Current log-likelihood: -867221.829
5. Current log-likelihood: -867197.191
6. Current log-likelihood: -867182.364
7. Current log-likelihood: -867173.766
8. Current log-likelihood: -867168.788
9. Current log-likelihood: -867166.164
10. Current log-likelihood: -867163.583
11. Current log-likelihood: -867160.735
12. Current log-likelihood: -867158.895
13. Current log-likelihood: -867157.253
14. Current log-likelihood: -867155.954
15. Current log-likelihood: -867154.973
16. Current log-likelihood: -867154.242
17. Current log-likelihood: -867153.784
18. Current log-likelihood: -867152.791
19. Current log-likelihood: -867152.432
Optimal log-likelihood: -867152.323
Rate parameters:  A-C: 0.939  A-G: 0.956  A-T: 0.922  C-G: 0.975  C-T: 1.003  G-T: 1.000
Base frequencies:   A: 0.388  C: 0.165  G: 0.228  T: 0.219
Site proportion and rates:  (0.250,0.137) (0.250,0.477) (0.250,1.000) (0.250,2.386)
Parameters optimization took 19 rounds (12.395 sec)
Computing ML distances based on estimated model parameters... 12.056 sec
WARNING: Some pairwise ML distances are too long (saturated)
Computing BIONJ tree...
0.574 seconds
Log-likelihood of BIONJ tree: -867006.372
--------------------------------------------------------------------
|             INITIALIZING CANDIDATE TREE SET                      |
--------------------------------------------------------------------
Generating 98 parsimony trees... 37.711 second
Computing log-likelihood of 98 initial trees ... 28.627 seconds
Current best score: -867006.372

Do NNI search on 20 best initial trees
Estimate model parameters (epsilon = 0.100)
BETTER TREE FOUND at iteration 1: -865803.940
Iteration 10 / LogL: -866432.158 / Time: 0h:8m:26s
Iteration 20 / LogL: -866582.171 / Time: 0h:19m:26s
Finish initializing candidate tree set (20)
Current best tree score: -865803.940 / CPU time: 1127.360
Number of iterations: 20
--------------------------------------------------------------------
|               OPTIMIZING CANDIDATE TREE SET                      |
--------------------------------------------------------------------
Estimate model parameters (epsilon = 0.100)
BETTER TREE FOUND at iteration 29: -865774.741
Iteration 30 / LogL: -865796.186 / Time: 0h:23m:19s (1h:19m:36s left)
Estimate model parameters (epsilon = 0.100)
BETTER TREE FOUND at iteration 35: -865748.074
Iteration 40 / LogL: -865841.477 / Time: 0h:28m:36s (1h:9m:40s left)
Estimate model parameters (epsilon = 0.100)
BETTER TREE FOUND at iteration 42: -865724.492
Estimate model parameters (epsilon = 0.100)
BETTER TREE FOUND at iteration 49: -865714.515
Estimate model parameters (epsilon = 0.100)
BETTER TREE FOUND at iteration 50: -865699.372
Iteration 50 / LogL: -865699.372 / Time: 0h:33m:22s (1h:8m:5s left)
Log-likelihood cutoff on original alignment: -865810.702
Estimate model parameters (epsilon = 0.100)
BETTER TREE FOUND at iteration 58: -865660.105
Iteration 60 / LogL: -866080.335 / Time: 0h:38m:9s (1h:3m:22s left)
Iteration 70 / LogL: -865751.983 / Time: 0h:41m:47s (0h:53m:16s left)
Iteration 80 / LogL: -865716.618 / Time: 0h:49m:54s (0h:49m:15s left)
Iteration 90 / LogL: -865687.457 / Time: 0h:53m:42s (0h:41m:1s left)
Estimate model parameters (epsilon = 0.100)
BETTER TREE FOUND at iteration 96: -865651.140
Iteration 100 / LogL: -865690.518 / Time: 1h:2m:36s (1h:0m:42s left)
Log-likelihood cutoff on original alignment: -865752.215
NOTE: Bootstrap correlation coefficient of split occurrence frequencies: 0.509
NOTE: UFBoot does not converge, continue at least 100 more iterations
Iteration 110 / LogL: -865666.547 / Time: 1h:9m:37s (0h:57m:28s left)
Iteration 120 / LogL: -866082.759 / Time: 1h:17m:18s (0h:51m:58s left)
Estimate model parameters (epsilon = 0.100)
BETTER TREE FOUND at iteration 122: -865630.526
Iteration 130 / LogL: -865642.632 / Time: 1h:23m:45s (0h:59m:43s left)
Iteration 140 / LogL: -865781.564 / Time: 1h:26m:41s (0h:51m:8s left)
Estimate model parameters (epsilon = 0.100)
BETTER TREE FOUND at iteration 144: -865623.651
Iteration 150 / LogL: -865644.974 / Time: 1h:30m:54s (0h:57m:20s left)
Log-likelihood cutoff on original alignment: -865734.158
Iteration 160 / LogL: -865690.609 / Time: 1h:36m:22s (0h:50m:54s left)
Iteration 170 / LogL: -865685.480 / Time: 1h:43m:56s (0h:45m:30s left)
Iteration 180 / LogL: -865765.712 / Time: 1h:49m:11s (0h:39m:2s left)
Estimate model parameters (epsilon = 0.100)
BETTER TREE FOUND at iteration 190: -865615.300
Iteration 190 / LogL: -865615.300 / Time: 1h:57m:7s (1h:1m:58s left)
Iteration 200 / LogL: -865680.342 / Time: 2h:2m:22s (0h:55m:20s left)
Log-likelihood cutoff on original alignment: -865734.145
NOTE: Bootstrap correlation coefficient of split occurrence frequencies: 0.611
NOTE: UFBoot does not converge, continue at least 100 more iterations
Estimate model parameters (epsilon = 0.100)
BETTER TREE FOUND at iteration 209: -865601.124
Iteration 210 / LogL: -865677.662 / Time: 2h:7m:47s (1h:0m:31s left)
Iteration 220 / LogL: -865676.489 / Time: 2h:13m:58s (0h:54m:26s left)
Iteration 230 / LogL: -865903.782 / Time: 2h:18m:31s (0h:47m:46s left)
Iteration 240 / LogL: -865619.617 / Time: 2h:21m:55s (0h:40m:58s left)
Estimate model parameters (epsilon = 0.100)
BETTER TREE FOUND at iteration 245: -865593.977
Iteration 250 / LogL: -865658.272 / Time: 2h:27m:10s (0h:56m:8s left)
Log-likelihood cutoff on original alignment: -865734.145
Iteration 260 / LogL: -865724.864 / Time: 2h:30m:20s (0h:49m:20s left)
Iteration 270 / LogL: -865707.356 / Time: 2h:34m:46s (0h:43m:9s left)
Estimate model parameters (epsilon = 0.100)
BETTER TREE FOUND at iteration 279: -865582.413
Iteration 280 / LogL: -865703.790 / Time: 2h:40m:32s (0h:56m:57s left)
Iteration 290 / LogL: -865671.421 / Time: 2h:46m:42s (0h:51m:20s left)
Iteration 300 / LogL: -865608.605 / Time: 2h:48m:33s (0h:44m:32s left)
Log-likelihood cutoff on original alignment: -865690.848
NOTE: Bootstrap correlation coefficient of split occurrence frequencies: 0.629
NOTE: UFBoot does not converge, continue at least 100 more iterations
Iteration 310 / LogL: -865617.005 / Time: 2h:53m:21s (0h:50m:29s left)
Iteration 320 / LogL: -865694.044 / Time: 2h:57m:9s (0h:44m:25s left)
Iteration 330 / LogL: -865685.667 / Time: 3h:2m:26s (0h:38m:48s left)
Iteration 340 / LogL: -865656.872 / Time: 3h:6m:36s (0h:33m:1s left)
Iteration 350 / LogL: -865615.119 / Time: 3h:14m:6s (0h:27m:48s left)
Log-likelihood cutoff on original alignment: -865690.848
Iteration 360 / LogL: -865654.267 / Time: 3h:18m:55s (0h:22m:9s left)
Iteration 370 / LogL: -865646.172 / Time: 3h:25m:3s (0h:16m:40s left)
Estimate model parameters (epsilon = 0.100)
BETTER TREE FOUND at iteration 375: -865581.854
Iteration 380 / LogL: -866114.819 / Time: 3h:28m:44s (0h:52m:19s left)
Iteration 390 / LogL: -865634.517 / Time: 3h:32m:46s (0h:46m:29s left)
Estimate model parameters (epsilon = 0.100)
BETTER TREE FOUND at iteration 392: -865579.620
Estimate model parameters (epsilon = 0.100)
BETTER TREE FOUND at iteration 400: -865565.167
Iteration 400 / LogL: -865565.167 / Time: 3h:39m:49s (0h:55m:5s left)
Log-likelihood cutoff on original alignment: -865690.848
NOTE: Bootstrap correlation coefficient of split occurrence frequencies: 0.581
NOTE: UFBoot does not converge, continue at least 100 more iterations
Iteration 410 / LogL: -865703.782 / Time: 3h:44m:43s (0h:49m:26s left)
Iteration 420 / LogL: -865599.374 / Time: 3h:49m:59s (0h:43m:54s left)
Iteration 430 / LogL: -865576.010 / Time: 3h:55m:22s (0h:38m:24s left)
Iteration 440 / LogL: -865613.676 / Time: 4h:1m:59s (0h:33m:4s left)
Iteration 450 / LogL: -865598.271 / Time: 4h:5m:33s (0h:27m:20s left)
Log-likelihood cutoff on original alignment: -865673.271
Iteration 460 / LogL: -865610.780 / Time: 4h:10m:2s (0h:21m:47s left)
Iteration 470 / LogL: -866209.693 / Time: 4h:15m:57s (0h:16m:22s left)
Estimate model parameters (epsilon = 0.100)
BETTER TREE FOUND at iteration 476: -865544.238
Iteration 480 / LogL: -865647.405 / Time: 4h:20m:1s (0h:52m:6s left)
Iteration 490 / LogL: -865672.644 / Time: 4h:23m:32s (0h:46m:20s left)
Estimate model parameters (epsilon = 0.100)
BETTER TREE FOUND at iteration 498: -865538.093
Iteration 500 / LogL: -865617.796 / Time: 4h:28m:28s (0h:52m:43s left)
Log-likelihood cutoff on original alignment: -865673.271
NOTE: Bootstrap correlation coefficient of split occurrence frequencies: 0.496
NOTE: UFBoot does not converge, continue at least 100 more iterations
Iteration 510 / LogL: -865579.778 / Time: 4h:34m:21s (0h:48m:30s left)
Iteration 520 / LogL: -865561.542 / Time: 4h:37m:45s (0h:42m:48s left)
Iteration 530 / LogL: -865567.185 / Time: 4h:41m:53s (0h:37m:18s left)
Iteration 540 / LogL: -865644.938 / Time: 4h:47m:14s (0h:31m:58s left)
Iteration 550 / LogL: -865763.437 / Time: 4h:51m:0s (0h:26m:30s left)
Log-likelihood cutoff on original alignment: -865656.964
Iteration 560 / LogL: -865622.004 / Time: 4h:56m:35s (0h:21m:13s left)
Iteration 570 / LogL: -865574.227 / Time: 5h:4m:17s (0h:16m:2s left)
Iteration 580 / LogL: -865591.879 / Time: 5h:7m:33s (0h:10m:37s left)
Estimate model parameters (epsilon = 0.100)
BETTER TREE FOUND at iteration 587: -865537.624
Iteration 590 / LogL: -865598.387 / Time: 5h:13m:43s (0h:51m:39s left)
Iteration 600 / LogL: -865556.025 / Time: 5h:19m:21s (0h:46m:23s left)
Log-likelihood cutoff on original alignment: -865656.964
NOTE: Bootstrap correlation coefficient of split occurrence frequencies: 0.517
NOTE: UFBoot does not converge, continue at least 100 more iterations
Iteration 610 / LogL: -865577.660 / Time: 5h:27m:3s (0h:48m:19s left)
Iteration 620 / LogL: -865564.106 / Time: 5h:33m:29s (0h:43m:5s left)
Iteration 630 / LogL: -865689.086 / Time: 5h:38m:49s (0h:37m:42s left)
Iteration 640 / LogL: -865585.008 / Time: 5h:45m:40s (0h:32m:27s left)
Iteration 650 / LogL: -865578.869 / Time: 5h:51m:55s (0h:27m:6s left)
Log-likelihood cutoff on original alignment: -865656.964
Iteration 660 / LogL: -865584.077 / Time: 5h:58m:11s (0h:21m:44s left)
Iteration 670 / LogL: -865584.648 / Time: 6h:4m:27s (0h:16m:20s left)
Iteration 680 / LogL: -865604.558 / Time: 6h:11m:46s (0h:10m:57s left)
Estimate model parameters (epsilon = 0.100)
BETTER TREE FOUND at iteration 685: -865537.205
Iteration 690 / LogL: -865637.433 / Time: 6h:15m:57s (0h:51m:50s left)
Iteration 700 / LogL: -865600.038 / Time: 6h:20m:40s (0h:46m:17s left)
Log-likelihood cutoff on original alignment: -865656.964
NOTE: Bootstrap correlation coefficient of split occurrence frequencies: 0.530
NOTE: UFBoot does not converge, continue at least 100 more iterations
Estimate model parameters (epsilon = 0.100)
BETTER TREE FOUND at iteration 705: -865532.602
Iteration 710 / LogL: -865578.565 / Time: 6h:23m:29s (0h:51m:22s left)
Iteration 720 / LogL: -865593.053 / Time: 6h:31m:13s (0h:46m:15s left)
Iteration 730 / LogL: -865543.436 / Time: 6h:35m:41s (0h:40m:42s left)
Iteration 740 / LogL: -865603.534 / Time: 6h:40m:6s (0h:35m:11s left)
Iteration 750 / LogL: -865719.416 / Time: 6h:43m:6s (0h:29m:36s left)
Log-likelihood cutoff on original alignment: -865656.964
Iteration 760 / LogL: -865573.837 / Time: 6h:49m:2s (0h:24m:15s left)
Iteration 770 / LogL: -865802.075 / Time: 6h:54m:7s (0h:18m:50s left)
Iteration 780 / LogL: -865535.872 / Time: 6h:58m:12s (0h:13m:25s left)
Iteration 790 / LogL: -865594.843 / Time: 7h:1m:14s (0h:8m:0s left)
Iteration 800 / LogL: -865671.430 / Time: 7h:7m:2s (0h:2m:40s left)
Log-likelihood cutoff on original alignment: -865656.964
NOTE: Bootstrap correlation coefficient of split occurrence frequencies: 0.632
NOTE: UFBoot does not converge, continue at least 100 more iterations
Iteration 810 / LogL: -865594.940 / Time: 7h:12m:39s (0h:48m:7s left)
Iteration 820 / LogL: -865581.306 / Time: 7h:21m:11s (0h:43m:5s left)
Iteration 830 / LogL: -865570.443 / Time: 7h:26m:24s (0h:37m:41s left)
Iteration 840 / LogL: -865597.293 / Time: 7h:29m:51s (0h:32m:10s left)
Iteration 850 / LogL: -865625.875 / Time: 7h:34m:16s (0h:26m:45s left)
Log-likelihood cutoff on original alignment: -865643.865
Iteration 860 / LogL: -865593.334 / Time: 7h:40m:26s (0h:21m:26s left)
Iteration 870 / LogL: -865616.296 / Time: 7h:45m:18s (0h:16m:3s left)
Iteration 880 / LogL: -865558.739 / Time: 7h:51m:8s (0h:10m:43s left)
Iteration 890 / LogL: -865544.084 / Time: 7h:58m:18s (0h:5m:22s left)
Iteration 900 / LogL: -865802.579 / Time: 8h:3m:28s (0h:0m:0s left)
Log-likelihood cutoff on original alignment: -865643.865
NOTE: Bootstrap correlation coefficient of split occurrence frequencies: 0.636
NOTE: UFBoot does not converge, continue at least 100 more iterations
Estimate model parameters (epsilon = 0.100)
BETTER TREE FOUND at iteration 910: -865529.866
Iteration 910 / LogL: -865529.866 / Time: 8h:8m:33s (0h:53m:44s left)
Estimate model parameters (epsilon = 0.100)
BETTER TREE FOUND at iteration 912: -865523.103
Iteration 920 / LogL: -865575.844 / Time: 8h:14m:21s (0h:49m:29s left)
Iteration 930 / LogL: -865597.021 / Time: 8h:20m:6s (0h:44m:8s left)
Iteration 940 / LogL: -865572.194 / Time: 8h:27m:18s (0h:38m:53s left)
Iteration 950 / LogL: -865562.658 / Time: 8h:33m:7s (0h:33m:31s left)
Log-likelihood cutoff on original alignment: -865643.865
Iteration 960 / LogL: -865551.526 / Time: 8h:38m:43s (0h:28m:7s left)
Iteration 970 / LogL: -865660.485 / Time: 8h:44m:50s (0h:22m:44s left)
Iteration 980 / LogL: -865572.923 / Time: 8h:47m:29s (0h:17m:14s left)
Iteration 990 / LogL: -865674.884 / Time: 8h:53m:13s (0h:11m:51s left)
Iteration 1000 / LogL: -865629.208 / Time: 8h:58m:48s (0h:6m:28s left)
Log-likelihood cutoff on original alignment: -865643.865
NOTE: Bootstrap correlation coefficient of split occurrence frequencies: 0.714
NOTE: UFBoot does not converge, continue at least 100 more iterations
TREE SEARCH COMPLETED AFTER 1001 ITERATIONS / Time: 8h:59m:11s

--------------------------------------------------------------------
|                    FINALIZING TREE SEARCH                        |
--------------------------------------------------------------------
Performs final model parameters optimization
Estimate model parameters (epsilon = 0.010)
1. Initial log-likelihood: -865523.103
Optimal log-likelihood: -865523.093
Rate parameters:  A-C: 0.923  A-G: 0.975  A-T: 0.935  C-G: 0.989  C-T: 0.986  G-T: 1.000
Base frequencies:   A: 0.388  C: 0.165  G: 0.228  T: 0.219
Site proportion and rates:  (0.250,0.137) (0.250,0.477) (0.250,1.000) (0.250,2.386)
Parameters optimization took 1 rounds (0.567 sec)
BEST SCORE FOUND : -865523.093

Testing tree branches by SH-like aLRT with 1000 replicates...
Alternative NNI shows better log-likelihood -865523.084 > -865523.093
Alternative NNI shows better log-likelihood -865523.092 > -865523.093
Alternative NNI shows better log-likelihood -865523.069 > -865523.093
Alternative NNI shows better log-likelihood -865523.044 > -865523.093
Alternative NNI shows better log-likelihood -865522.823 > -865523.093
Alternative NNI shows better log-likelihood -865523.088 > -865523.093
Alternative NNI shows better log-likelihood -865522.882 > -865523.093
Alternative NNI shows better log-likelihood -865522.965 > -865523.093
Alternative NNI shows better log-likelihood -865523.084 > -865523.093
CPU Time used:  15.612 sec.
WARNING: bootstrap analysis did not converge. You should rerun with higher number of iterations (-nm option)
Creating bootstrap support values...
Split supports printed to NEXUS file sequence_all_seed_number_11_model1.fasta.splits.nex
Total tree length: 2289.096

Total number of iterations: 1001
CPU time used for tree search: 62867.580 sec (17h:27m:47s)
Wall-clock time used for tree search: 32311.680 sec (8h:58m:31s)
Total CPU time used: 62966.276 sec (17h:29m:26s)
Total wall-clock time used: 32363.839 sec (8h:59m:23s)

Computing bootstrap consensus tree...
Reading input file sequence_all_seed_number_11_model1.fasta.splits.nex...
675 taxa and 17084 splits.
Consensus tree written to sequence_all_seed_number_11_model1.fasta.contree
Reading input trees file sequence_all_seed_number_11_model1.fasta.contree
new_tree_lh: -860687.901   tree_lh: -863572.675
STACK TRACE FOR DEBUGGING:

*** IQ-TREE CRASHES WITH SIGNAL ABORTED
*** For bug report please send to developers:
***    Log file: sequence_all_seed_number_11_model1.fasta.log
***    Alignment files (if possible)
