IQ-TREE multicore version 1.5.5 for Linux 64-bit built Jun  2 2017
Copyright (c) 2011-2017 by Bui Quang Minh, Nguyen Lam Tung,
Olga Chernomor, Heiko Schmidt, and Arndt von Haeseler.

Host:    david-Inspiron-15-3567 (AVX2, FMA3, 3 GB RAM)
Command: ./iqtree-omp -s sequence_all_seed_number_5_model1.fasta -m GTR+R4 -nt AUTO -alrt 1000 -bb 1000
Seed:    372627 (Using SPRNG - Scalable Parallel Random Number Generator)
Time:    Sat Oct 28 20:37:14 2017
Kernel:  AVX+FMA - auto-detect threads (4 CPU cores detected)

Reading alignment file sequence_all_seed_number_5_model1.fasta ... Phylip format detected
Alignment most likely contains DNA/RNA sequences
Alignment has 507 sequences with 3012 columns and 3012 patterns (3012 informative sites, 0 constant sites)
     Gap/Ambiguity  Composition  p-value
   1  0      0.00%    passed     87.71%
   2  66     0.00%    passed     21.43%
   3  92     0.00%    passed     79.18%
   4  198    0.00%    passed     64.82%
   5  161    0.00%    passed     45.90%
   6  178    0.00%    failed      1.89%
   7  299    0.00%    passed     92.07%
   8  153    0.00%    passed     43.50%
   9  97     0.00%    passed     35.92%
  10  30     0.00%    passed     96.77%
  11  152    0.00%    passed     90.00%
  12  91     0.00%    passed     24.81%
  13  35     0.00%    failed      3.37%
  14  34     0.00%    passed     20.84%
  15  12     0.00%    passed      6.46%
  16  32     0.00%    passed      5.74%
  17  20     0.00%    passed     90.67%
  18  82     0.00%    passed     83.69%
  19  215    0.00%    passed     14.83%
  20  171    0.00%    passed     58.97%
  21  176    0.00%    passed     23.48%
  22  51     0.00%    passed     53.95%
  23  314    0.00%    passed     71.39%
  24  397    0.00%    passed     54.48%
  25  480    0.00%    passed     43.96%
  26  305    0.00%    passed     64.10%
  27  304    0.00%    passed     86.58%
  28  333    0.00%    passed     52.52%
  29  257    0.00%    failed      2.39%
  30  310    0.00%    passed     64.28%
  31  251    0.00%    passed     33.28%
  32  235    0.00%    passed     32.18%
  33  253    0.00%    passed     42.74%
  34  248    0.00%    passed     34.15%
  35  207    0.00%    passed     39.29%
  36  180    0.00%    passed     30.03%
  37  169    0.00%    passed     93.47%
  38  212    0.00%    passed     63.28%
  39  166    0.00%    passed     91.91%
  40  222    0.00%    failed      3.32%
  41  151    0.00%    passed     75.88%
  42  250    0.00%    passed     51.09%
  43  277    0.00%    passed     31.40%
  44  326    0.00%    passed     24.85%
  45  256    0.00%    passed     76.13%
  46  185    0.00%    passed     21.21%
  47  203    0.00%    passed     68.47%
  48  288    0.00%    passed      7.24%
  49  194    0.00%    passed     11.18%
  50  144    0.00%    passed     39.25%
  51  133    0.00%    passed     10.60%
  52  225    0.00%    passed     94.91%
  53  240    0.00%    passed     66.95%
  54  217    0.00%    passed     28.61%
  55  208    0.00%    passed     21.38%
  56  249    0.00%    passed     42.55%
  57  275    0.00%    passed     61.76%
  58  197    0.00%    failed      4.40%
  59  245    0.00%    passed     29.98%
  60  324    0.00%    passed     42.46%
  61  280    0.00%    passed     28.46%
  62  244    0.00%    passed      6.87%
  63  297    0.00%    passed     10.38%
  64  307    0.00%    passed     99.20%
  65  195    0.00%    passed     63.58%
  66  259    0.00%    passed     96.77%
  67  359    0.00%    passed     33.35%
  68  189    0.00%    passed     24.49%
  69  193    0.00%    passed     98.86%
  70  191    0.00%    passed     98.33%
  71  213    0.00%    passed     71.92%
  72  172    0.00%    passed     58.02%
  73  264    0.00%    passed     22.02%
  74  157    0.00%    passed     51.91%
  75  252    0.00%    passed     35.55%
  76  237    0.00%    passed     47.51%
  77  322    0.00%    passed     93.01%
  78  338    0.00%    passed     85.90%
  79  192    0.00%    passed     54.54%
  80  346    0.00%    passed     34.24%
  81  165    0.00%    passed     15.25%
  82  255    0.00%    passed     31.74%
  83  317    0.00%    passed     39.43%
  84  407    0.00%    passed     44.51%
  85  367    0.00%    passed     15.04%
  86  491    0.00%    passed     49.27%
  87  336    0.00%    passed     81.26%
  88  309    0.00%    passed     94.60%
  89  351    0.00%    passed     44.17%
  90  321    0.00%    passed      7.20%
  91  308    0.00%    passed     25.88%
  92  306    0.00%    passed     54.00%
  93  282    0.00%    passed     11.17%
  94  276    0.00%    passed      6.32%
  95  273    0.00%    passed     19.09%
  96  270    0.00%    passed     24.77%
  97  339    0.00%    passed      8.18%
  98  318    0.00%    passed     65.74%
  99  269    0.00%    passed     60.15%
 100  267    0.00%    failed      2.98%
 101  290    0.00%    passed     20.05%
 102  278    0.00%    passed      8.78%
 103  263    0.00%    passed     43.05%
 104  344    0.00%    passed     31.36%
 105  395    0.00%    passed     65.11%
 106  474    0.00%    passed     85.47%
 107  345    0.00%    passed     59.16%
 108  330    0.00%    passed     58.82%
 109  334    0.00%    passed     62.61%
 110  409    0.00%    passed     82.12%
 111  393    0.00%    passed     51.33%
 112  440    0.00%    passed     41.72%
 113  332    0.00%    passed     82.38%
 114  313    0.00%    passed     89.71%
 115  325    0.00%    passed     25.04%
 116  329    0.00%    passed     82.23%
 117  340    0.00%    passed     84.73%
 118  311    0.00%    passed     14.18%
 119  300    0.00%    passed     89.82%
 120  285    0.00%    passed     29.55%
 121  376    0.00%    passed     84.73%
 122  377    0.00%    passed     38.09%
 123  301    0.00%    passed      9.19%
 124  331    0.00%    passed     75.28%
 125  293    0.00%    passed     53.67%
 126  348    0.00%    passed     99.21%
 127  387    0.00%    passed     38.81%
 128  355    0.00%    failed      1.65%
 129  404    0.00%    passed     14.11%
 130  372    0.00%    passed     50.72%
 131  452    0.00%    passed     66.06%
 132  383    0.00%    passed     36.55%
 133  459    0.00%    passed     33.14%
 134  289    0.00%    passed     36.34%
 135  281    0.00%    passed     27.05%
 136  341    0.00%    passed     56.82%
 137  394    0.00%    passed     23.16%
 138  434    0.00%    passed     47.53%
 139  433    0.00%    passed     33.20%
 140  445    0.00%    passed     79.08%
 141  492    0.00%    passed     48.03%
 142  500    0.00%    passed     28.35%
 143  501    0.00%    passed     15.15%
 144  505    0.00%    passed      8.78%
 145  428    0.00%    passed     44.52%
 146  424    0.00%    passed     86.33%
 147  399    0.00%    passed     16.92%
 148  385    0.00%    passed     87.39%
 149  498    0.00%    passed     60.98%
 150  413    0.00%    passed     71.42%
 151  420    0.00%    passed     11.12%
 152  469    0.00%    passed     62.75%
 153  470    0.00%    passed     96.14%
 154  425    0.00%    passed     73.14%
 155  417    0.00%    passed     87.04%
 156  414    0.00%    passed     96.44%
 157  388    0.00%    passed     67.76%
 158  384    0.00%    passed     71.87%
 159  416    0.00%    passed     52.39%
 160  360    0.00%    passed     48.15%
 161  436    0.00%    passed     35.63%
 162  464    0.00%    passed     35.79%
 163  488    0.00%    passed     40.45%
 164  489    0.00%    passed     99.07%
 165  502    0.00%    passed     95.93%
 166  487    0.00%    passed     82.56%
 167  449    0.00%    passed     44.02%
 168  466    0.00%    passed     83.67%
 169  460    0.00%    passed     77.74%
 170  457    0.00%    passed     85.23%
 171  442    0.00%    passed     40.80%
 172  453    0.00%    passed     79.76%
 173  494    0.00%    passed     27.12%
 174  490    0.00%    passed     15.38%
 175  503    0.00%    passed     49.18%
 176  496    0.00%    passed     67.58%
 177  438    0.00%    passed      7.03%
 178  468    0.00%    passed     88.77%
 179  493    0.00%    passed     58.35%
 180  462    0.00%    passed      8.64%
 181  484    0.00%    passed     78.47%
 182  412    0.00%    passed     83.54%
 183  410    0.00%    passed     42.36%
 184  406    0.00%    passed     89.65%
 185  467    0.00%    passed     49.94%
 186  400    0.00%    passed     31.15%
 187  471    0.00%    passed     56.02%
 188  396    0.00%    passed     15.20%
 189  390    0.00%    passed     47.30%
 190  398    0.00%    passed     72.11%
 191  392    0.00%    passed     14.38%
 192  391    0.00%    passed     56.21%
 193  378    0.00%    passed     77.10%
 194  465    0.00%    passed     39.61%
 195  499    0.00%    passed     50.51%
 196  451    0.00%    passed     74.89%
 197  461    0.00%    passed     82.46%
 198  444    0.00%    passed     69.98%
 199  423    0.00%    passed     22.76%
 200  418    0.00%    passed     92.58%
 201  472    0.00%    passed     74.05%
 202  456    0.00%    passed     92.73%
 203  477    0.00%    passed     12.62%
 204  506    0.00%    passed     65.15%
 205  497    0.00%    passed     19.67%
 206  483    0.00%    passed     83.50%
 207  448    0.00%    passed     60.07%
 208  415    0.00%    passed     30.65%
 209  495    0.00%    passed     28.82%
 210  486    0.00%    passed     15.03%
 211  475    0.00%    passed     62.98%
 212  479    0.00%    passed     56.35%
 213  443    0.00%    passed     85.28%
 214  441    0.00%    passed     11.25%
 215  432    0.00%    passed     47.88%
 216  482    0.00%    passed     91.97%
 217  439    0.00%    passed     39.26%
 218  419    0.00%    passed     63.65%
 219  450    0.00%    passed     37.25%
 220  463    0.00%    passed     53.15%
 221  455    0.00%    passed     12.65%
 222  446    0.00%    passed     75.36%
 223  401    0.00%    passed     53.18%
 224  431    0.00%    passed     44.79%
 225  402    0.00%    passed     53.93%
 226  380    0.00%    passed     74.20%
 227  435    0.00%    passed     40.54%
 228  371    0.00%    passed     18.55%
 229  370    0.00%    passed     11.43%
 230  368    0.00%    passed     73.53%
 231  365    0.00%    passed     23.01%
 232  379    0.00%    passed      8.07%
 233  386    0.00%    passed     24.83%
 234  364    0.00%    passed     48.29%
 235  352    0.00%    passed     75.09%
 236  356    0.00%    passed     95.00%
 237  342    0.00%    passed     94.96%
 238  382    0.00%    passed     20.00%
 239  369    0.00%    passed     81.32%
 240  408    0.00%    passed     89.79%
 241  358    0.00%    passed     37.60%
 242  327    0.00%    passed     33.40%
 243  458    0.00%    passed     65.35%
 244  454    0.00%    passed     50.41%
 245  485    0.00%    passed     41.45%
 246  478    0.00%    passed     76.68%
 247  426    0.00%    passed     23.08%
 248  421    0.00%    passed     55.72%
 249  476    0.00%    passed     36.04%
 250  437    0.00%    passed     79.31%
 251  350    0.00%    passed     62.01%
 252  481    0.00%    passed     72.11%
 253  422    0.00%    passed     13.71%
 254  430    0.00%    passed     23.07%
 255  347    0.00%    passed     65.70%
 256  366    0.00%    passed     44.92%
 257  373    0.00%    passed     18.83%
 258  381    0.00%    passed     30.32%
 259  403    0.00%    passed     46.18%
 260  375    0.00%    passed     63.08%
 261  447    0.00%    passed     30.24%
 262  389    0.00%    passed      9.81%
 263  353    0.00%    passed     70.72%
 264  504    0.00%    passed     48.26%
 265  405    0.00%    passed     33.20%
 266  319    0.00%    passed     64.19%
 267  354    0.00%    failed      4.75%
 268  473    0.00%    passed     67.76%
 269  427    0.00%    passed     40.50%
 270  335    0.00%    passed     52.88%
 271  362    0.00%    passed      5.31%
 272  363    0.00%    passed     50.73%
 273  302    0.00%    passed     98.50%
 274  296    0.00%    passed     97.18%
 275  312    0.00%    passed     21.79%
 276  291    0.00%    passed     60.86%
 277  292    0.00%    passed     91.24%
 278  429    0.00%    passed     15.35%
 279  295    0.00%    failed      2.53%
 280  283    0.00%    passed     13.98%
 281  279    0.00%    passed     22.46%
 282  357    0.00%    passed     53.38%
 283  284    0.00%    passed     31.90%
 284  374    0.00%    failed      0.66%
 285  337    0.00%    passed     16.78%
 286  137    0.00%    passed     98.62%
 287  149    0.00%    passed     49.65%
 288  129    0.00%    passed     57.42%
 289  138    0.00%    passed     13.00%
 290  116    0.00%    passed     13.74%
 291  111    0.00%    passed     74.10%
 292  96     0.00%    passed     22.68%
 293  206    0.00%    passed     35.32%
 294  272    0.00%    passed     36.46%
 295  184    0.00%    passed     47.39%
 296  160    0.00%    passed     72.04%
 297  145    0.00%    passed     72.99%
 298  196    0.00%    passed     95.89%
 299  298    0.00%    passed     15.96%
 300  230    0.00%    passed     89.95%
 301  210    0.00%    passed     41.58%
 302  214    0.00%    passed     10.45%
 303  141    0.00%    passed     73.34%
 304  128    0.00%    passed     51.37%
 305  226    0.00%    passed     61.28%
 306  343    0.00%    failed      2.30%
 307  315    0.00%    passed     81.26%
 308  67     0.00%    passed     25.03%
 309  361    0.00%    passed     58.14%
 310  55     0.00%    passed      6.12%
 311  64     0.00%    passed     38.78%
 312  258    0.00%    passed     31.19%
 313  221    0.00%    passed     60.21%
 314  204    0.00%    passed     23.71%
 315  179    0.00%    passed     86.94%
 316  202    0.00%    passed     84.57%
 317  286    0.00%    passed     92.32%
 318  323    0.00%    passed     13.51%
 319  159    0.00%    passed     35.27%
 320  139    0.00%    passed      5.75%
 321  266    0.00%    failed      3.11%
 322  349    0.00%    passed     11.74%
 323  135    0.00%    passed     52.25%
 324  174    0.00%    passed     49.23%
 325  134    0.00%    failed      1.54%
 326  115    0.00%    passed     13.43%
 327  218    0.00%    passed     10.62%
 328  122    0.00%    passed     97.84%
 329  107    0.00%    passed     49.88%
 330  186    0.00%    passed     29.44%
 331  106    0.00%    passed      6.06%
 332  104    0.00%    passed     91.63%
 333  220    0.00%    passed     22.72%
 334  187    0.00%    passed     13.70%
 335  154    0.00%    passed     22.88%
 336  76     0.00%    passed     86.20%
 337  73     0.00%    passed     36.24%
 338  146    0.00%    passed     95.35%
 339  201    0.00%    passed     34.07%
 340  71     0.00%    passed     26.48%
 341  69     0.00%    passed     80.64%
 342  54     0.00%    passed     64.19%
 343  52     0.00%    passed     35.01%
 344  21     0.00%    passed     39.27%
 345  89     0.00%    passed     68.77%
 346  84     0.00%    failed      2.83%
 347  25     0.00%    passed     83.84%
 348  22     0.00%    passed     54.42%
 349  18     0.00%    passed     35.64%
 350  242    0.00%    passed     22.37%
 351  3      0.00%    passed     46.04%
 352  121    0.00%    passed     34.05%
 353  93     0.00%    passed     41.32%
 354  224    0.00%    passed     97.64%
 355  243    0.00%    passed     93.02%
 356  271    0.00%    passed     40.86%
 357  58     0.00%    passed     12.67%
 358  72     0.00%    passed     55.96%
 359  247    0.00%    passed     23.15%
 360  219    0.00%    passed     24.89%
 361  103    0.00%    passed     61.53%
 362  223    0.00%    passed     34.06%
 363  41     0.00%    passed     62.83%
 364  45     0.00%    passed     37.91%
 365  123    0.00%    passed     65.21%
 366  105    0.00%    passed     91.61%
 367  108    0.00%    passed     81.74%
 368  44     0.00%    passed     71.15%
 369  130    0.00%    passed     92.29%
 370  173    0.00%    passed     42.63%
 371  328    0.00%    passed     43.25%
 372  109    0.00%    passed     93.20%
 373  262    0.00%    passed     73.88%
 374  232    0.00%    passed     34.85%
 375  239    0.00%    passed     30.69%
 376  260    0.00%    passed     81.54%
 377  177    0.00%    passed     90.15%
 378  164    0.00%    passed     48.39%
 379  112    0.00%    passed     77.78%
 380  100    0.00%    passed     12.46%
 381  274    0.00%    passed     12.06%
 382  88     0.00%    passed     36.43%
 383  47     0.00%    passed     18.29%
 384  65     0.00%    passed     69.80%
 385  42     0.00%    passed     80.41%
 386  15     0.00%    passed     39.71%
 387  40     0.00%    passed     40.68%
 388  95     0.00%    passed     73.05%
 389  199    0.00%    passed     88.04%
 390  10     0.00%    passed     77.24%
 391  8      0.00%    passed     35.66%
 392  158    0.00%    passed      7.37%
 393  162    0.00%    passed     40.81%
 394  61     0.00%    passed     90.57%
 395  26     0.00%    passed     89.72%
 396  38     0.00%    passed     48.06%
 397  190    0.00%    passed     27.02%
 398  200    0.00%    passed     18.96%
 399  31     0.00%    passed     54.35%
 400  27     0.00%    passed     12.63%
 401  81     0.00%    passed     89.73%
 402  101    0.00%    passed     41.93%
 403  53     0.00%    passed     36.19%
 404  33     0.00%    passed     95.00%
 405  102    0.00%    passed     35.57%
 406  23     0.00%    passed     93.20%
 407  233    0.00%    passed     27.62%
 408  136    0.00%    passed     52.48%
 409  36     0.00%    passed     94.14%
 410  148    0.00%    passed     26.95%
 411  132    0.00%    passed     88.37%
 412  168    0.00%    passed     70.87%
 413  124    0.00%    passed     47.16%
 414  294    0.00%    passed     35.52%
 415  316    0.00%    passed     91.07%
 416  320    0.00%    passed     96.74%
 417  181    0.00%    passed      6.32%
 418  110    0.00%    passed     57.87%
 419  60     0.00%    passed     52.48%
 420  7      0.00%    passed     17.25%
 421  9      0.00%    passed     94.77%
 422  5      0.00%    passed     69.58%
 423  209    0.00%    passed      9.11%
 424  143    0.00%    passed     44.53%
 425  211    0.00%    passed     70.44%
 426  43     0.00%    passed     50.25%
 427  241    0.00%    passed     91.10%
 428  37     0.00%    passed     59.21%
 429  228    0.00%    passed     42.32%
 430  303    0.00%    passed     42.34%
 431  268    0.00%    passed     65.30%
 432  24     0.00%    passed      5.42%
 433  14     0.00%    passed     33.54%
 434  113    0.00%    passed     45.05%
 435  19     0.00%    passed     93.53%
 436  11     0.00%    passed     32.41%
 437  6      0.00%    passed     53.15%
 438  238    0.00%    passed     46.85%
 439  205    0.00%    passed     44.59%
 440  246    0.00%    passed     13.12%
 441  75     0.00%    passed     52.15%
 442  140    0.00%    passed     56.69%
 443  254    0.00%    passed     53.34%
 444  170    0.00%    passed     61.86%
 445  142    0.00%    passed     93.11%
 446  90     0.00%    passed     21.69%
 447  83     0.00%    passed     56.19%
 448  117    0.00%    passed     64.41%
 449  287    0.00%    passed     69.80%
 450  411    0.00%    passed     23.73%
 451  70     0.00%    passed     55.45%
 452  28     0.00%    passed      8.00%
 453  13     0.00%    failed      3.42%
 454  78     0.00%    passed     15.12%
 455  46     0.00%    passed     25.53%
 456  63     0.00%    passed     97.95%
 457  118    0.00%    passed     43.67%
 458  59     0.00%    passed     42.90%
 459  57     0.00%    passed     79.62%
 460  236    0.00%    passed     22.88%
 461  234    0.00%    passed     21.02%
 462  227    0.00%    passed     13.96%
 463  167    0.00%    passed     49.34%
 464  126    0.00%    passed     21.22%
 465  175    0.00%    passed     66.99%
 466  182    0.00%    passed     36.88%
 467  120    0.00%    passed     98.19%
 468  86     0.00%    passed     34.78%
 469  85     0.00%    passed     82.58%
 470  127    0.00%    passed     57.24%
 471  156    0.00%    passed     36.73%
 472  98     0.00%    passed     51.89%
 473  94     0.00%    passed     78.22%
 474  216    0.00%    passed     92.48%
 475  261    0.00%    passed     99.73%
 476  79     0.00%    passed     22.78%
 477  155    0.00%    passed     94.26%
 478  147    0.00%    passed     12.50%
 479  87     0.00%    passed     75.03%
 480  163    0.00%    passed      6.46%
 481  80     0.00%    passed     43.09%
 482  125    0.00%    passed     57.43%
 483  114    0.00%    passed     30.07%
 484  131    0.00%    passed     54.84%
 485  74     0.00%    passed     11.65%
 486  62     0.00%    passed     96.61%
 487  188    0.00%    passed     69.85%
 488  229    0.00%    passed     31.35%
 489  150    0.00%    passed     67.82%
 490  265    0.00%    passed     93.32%
 491  119    0.00%    passed     68.96%
 492  50     0.00%    passed     25.95%
 493  68     0.00%    passed     39.15%
 494  231    0.00%    passed     10.26%
 495  48     0.00%    passed     52.73%
 496  39     0.00%    passed     45.55%
 497  77     0.00%    passed     78.14%
 498  17     0.00%    passed     94.34%
 499  29     0.00%    passed      6.89%
 500  49     0.00%    passed     66.77%
 501  183    0.00%    failed      2.38%
 502  56     0.00%    passed     21.87%
 503  16     0.00%    passed     88.96%
 504  4      0.00%    passed     99.36%
 505  2      0.00%    passed     22.22%
 506  99     0.00%    passed     16.86%
 507  1      0.00%    passed     28.43%
****  TOTAL    0.00%  16 sequences failed composition chi2 test (p-value<5%; df=3)

Create initial parsimony tree by phylogenetic likelihood library (PLL)... 0.802 seconds
Generating 1000 samples for ultrafast bootstrap (seed: 372627)...

NOTE: 209 MB RAM (0 GB) is required!
Measuring multi-threading efficiency up to 4 CPU cores
8 trees examined
Threads: 1 / Time: 4.385 sec / Speedup: 1.000 / Efficiency: 100% / LogL: -2026349
Threads: 2 / Time: 2.942 sec / Speedup: 1.491 / Efficiency: 75% / LogL: -2026349
Threads: 3 / Time: 3.146 sec / Speedup: 1.394 / Efficiency: 46% / LogL: -2026349
BEST NUMBER OF THREADS: 2

Estimate model parameters (epsilon = 0.100)
1. Initial log-likelihood: -1936127.621
2. Current log-likelihood: -1896621.197
3. Current log-likelihood: -1894711.567
4. Current log-likelihood: -1893856.175
5. Current log-likelihood: -1893359.698
6. Current log-likelihood: -1892998.746
7. Current log-likelihood: -1892763.762
8. Current log-likelihood: -1892606.742
9. Current log-likelihood: -1892499.297
10. Current log-likelihood: -1892423.030
11. Current log-likelihood: -1892368.767
12. Current log-likelihood: -1892325.570
13. Current log-likelihood: -1892284.143
14. Current log-likelihood: -1892265.415
15. Current log-likelihood: -1892250.408
16. Current log-likelihood: -1892238.792
17. Current log-likelihood: -1892228.485
18. Current log-likelihood: -1892222.146
19. Current log-likelihood: -1892198.249
20. Current log-likelihood: -1892190.974
21. Current log-likelihood: -1892185.695
22. Current log-likelihood: -1892181.728
23. Current log-likelihood: -1892178.379
24. Current log-likelihood: -1892176.097
25. Current log-likelihood: -1892174.358
26. Current log-likelihood: -1892172.990
27. Current log-likelihood: -1892171.913
28. Current log-likelihood: -1892171.120
29. Current log-likelihood: -1892170.483
30. Current log-likelihood: -1892169.970
31. Current log-likelihood: -1892169.572
32. Current log-likelihood: -1892169.267
33. Current log-likelihood: -1892168.998
34. Current log-likelihood: -1892168.775
35. Current log-likelihood: -1892168.665
36. Current log-likelihood: -1892168.561
Optimal log-likelihood: -1892168.420
Rate parameters:  A-C: 3.114  A-G: 1.650  A-T: 6.079  C-G: 9.020  C-T: 6.653  G-T: 1.000
Base frequencies:   A: 0.387  C: 0.165  G: 0.228  T: 0.219
Site proportion and rates:  (0.004,0.095) (0.236,0.141) (0.287,0.544) (0.472,1.715)
Parameters optimization took 36 rounds (138.796 sec)
Computing ML distances based on estimated model parameters... 11.216 sec
WARNING: Some pairwise ML distances are too long (saturated)
Computing BIONJ tree...
0.328 seconds
Log-likelihood of BIONJ tree: -1903086.603
--------------------------------------------------------------------
|             INITIALIZING CANDIDATE TREE SET                      |
--------------------------------------------------------------------
Generating 98 parsimony trees... 67.009 second
Computing log-likelihood of 98 initial trees ... 55.751 seconds
Current best score: -1892168.420

Do NNI search on 20 best initial trees
Estimate model parameters (epsilon = 0.100)
BETTER TREE FOUND at iteration 1: -1890050.741
Iteration 10 / LogL: -1904404.677 / Time: 0h:12m:16s
Iteration 20 / LogL: -1904244.433 / Time: 0h:19m:24s
Finish initializing candidate tree set (20)
Current best tree score: -1890050.741 / CPU time: 988.556
Number of iterations: 20
--------------------------------------------------------------------
|               OPTIMIZING CANDIDATE TREE SET                      |
--------------------------------------------------------------------
Iteration 30 / LogL: -1896805.006 / Time: 0h:26m:28s (1h:4m:46s left)
Iteration 40 / LogL: -1896891.258 / Time: 0h:31m:0s (0h:48m:28s left)
Iteration 50 / LogL: -1895251.537 / Time: 0h:37m:28s (0h:38m:59s left)
Log-likelihood cutoff on original alignment: -1890070.382
Estimate model parameters (epsilon = 0.100)
BETTER TREE FOUND at iteration 52: -1890002.016
Iteration 60 / LogL: -1890227.389 / Time: 0h:42m:35s (1h:6m:23s left)
Iteration 70 / LogL: -1890621.932 / Time: 0h:47m:18s (0h:56m:12s left)
Estimate model parameters (epsilon = 0.100)
BETTER TREE FOUND at iteration 76: -1889983.899
Iteration 80 / LogL: -1890190.047 / Time: 0h:53m:53s (1h:5m:28s left)
Estimate model parameters (epsilon = 0.100)
BETTER TREE FOUND at iteration 89: -1889959.519
Iteration 90 / LogL: -1890119.754 / Time: 0h:59m:34s (1h:6m:15s left)
Iteration 100 / LogL: -1890069.368 / Time: 1h:5m:4s (0h:58m:28s left)
Log-likelihood cutoff on original alignment: -1890017.665
NOTE: Bootstrap correlation coefficient of split occurrence frequencies: 0.368
NOTE: UFBoot does not converge, continue at least 100 more iterations
Iteration 110 / LogL: -1890678.676 / Time: 1h:10m:24s (0h:58m:7s left)

******************************************************
CHECKPOINT: Resuming analysis from sequence_all_seed_number_5_model1.fasta.ckp.gz

IQ-TREE multicore version 1.5.5 for Linux 64-bit built Jun  2 2017
Copyright (c) 2011-2017 by Bui Quang Minh, Nguyen Lam Tung,
Olga Chernomor, Heiko Schmidt, and Arndt von Haeseler.

Host:    david-Inspiron-15-3567 (AVX2, FMA3, 3 GB RAM)
Command: ./iqtree-omp -s sequence_all_seed_number_5_model1.fasta -m GTR+R4 -nt AUTO -alrt 1000 -bb 1000
Seed:    372627 (Using SPRNG - Scalable Parallel Random Number Generator)
Time:    Sat Oct 28 22:00:00 2017
Kernel:  AVX+FMA - auto-detect threads (4 CPU cores detected)

Reading alignment file sequence_all_seed_number_5_model1.fasta ... Phylip format detected
Alignment most likely contains DNA/RNA sequences
Alignment has 507 sequences with 3012 columns and 3012 patterns (3012 informative sites, 0 constant sites)
     Gap/Ambiguity  Composition  p-value
   1  0      0.00%    passed     87.71%
   2  66     0.00%    passed     21.43%
   3  92     0.00%    passed     79.18%
   4  198    0.00%    passed     64.82%
   5  161    0.00%    passed     45.90%
   6  178    0.00%    failed      1.89%
   7  299    0.00%    passed     92.07%
   8  153    0.00%    passed     43.50%
   9  97     0.00%    passed     35.92%
  10  30     0.00%    passed     96.77%
  11  152    0.00%    passed     90.00%
  12  91     0.00%    passed     24.81%
  13  35     0.00%    failed      3.37%
  14  34     0.00%    passed     20.84%
  15  12     0.00%    passed      6.46%
  16  32     0.00%    passed      5.74%
  17  20     0.00%    passed     90.67%
  18  82     0.00%    passed     83.69%
  19  215    0.00%    passed     14.83%
  20  171    0.00%    passed     58.97%
  21  176    0.00%    passed     23.48%
  22  51     0.00%    passed     53.95%
  23  314    0.00%    passed     71.39%
  24  397    0.00%    passed     54.48%
  25  480    0.00%    passed     43.96%
  26  305    0.00%    passed     64.10%
  27  304    0.00%    passed     86.58%
  28  333    0.00%    passed     52.52%
  29  257    0.00%    failed      2.39%
  30  310    0.00%    passed     64.28%
  31  251    0.00%    passed     33.28%
  32  235    0.00%    passed     32.18%
  33  253    0.00%    passed     42.74%
  34  248    0.00%    passed     34.15%
  35  207    0.00%    passed     39.29%
  36  180    0.00%    passed     30.03%
  37  169    0.00%    passed     93.47%
  38  212    0.00%    passed     63.28%
  39  166    0.00%    passed     91.91%
  40  222    0.00%    failed      3.32%
  41  151    0.00%    passed     75.88%
  42  250    0.00%    passed     51.09%
  43  277    0.00%    passed     31.40%
  44  326    0.00%    passed     24.85%
  45  256    0.00%    passed     76.13%
  46  185    0.00%    passed     21.21%
  47  203    0.00%    passed     68.47%
  48  288    0.00%    passed      7.24%
  49  194    0.00%    passed     11.18%
  50  144    0.00%    passed     39.25%
  51  133    0.00%    passed     10.60%
  52  225    0.00%    passed     94.91%
  53  240    0.00%    passed     66.95%
  54  217    0.00%    passed     28.61%
  55  208    0.00%    passed     21.38%
  56  249    0.00%    passed     42.55%
  57  275    0.00%    passed     61.76%
  58  197    0.00%    failed      4.40%
  59  245    0.00%    passed     29.98%
  60  324    0.00%    passed     42.46%
  61  280    0.00%    passed     28.46%
  62  244    0.00%    passed      6.87%
  63  297    0.00%    passed     10.38%
  64  307    0.00%    passed     99.20%
  65  195    0.00%    passed     63.58%
  66  259    0.00%    passed     96.77%
  67  359    0.00%    passed     33.35%
  68  189    0.00%    passed     24.49%
  69  193    0.00%    passed     98.86%
  70  191    0.00%    passed     98.33%
  71  213    0.00%    passed     71.92%
  72  172    0.00%    passed     58.02%
  73  264    0.00%    passed     22.02%
  74  157    0.00%    passed     51.91%
  75  252    0.00%    passed     35.55%
  76  237    0.00%    passed     47.51%
  77  322    0.00%    passed     93.01%
  78  338    0.00%    passed     85.90%
  79  192    0.00%    passed     54.54%
  80  346    0.00%    passed     34.24%
  81  165    0.00%    passed     15.25%
  82  255    0.00%    passed     31.74%
  83  317    0.00%    passed     39.43%
  84  407    0.00%    passed     44.51%
  85  367    0.00%    passed     15.04%
  86  491    0.00%    passed     49.27%
  87  336    0.00%    passed     81.26%
  88  309    0.00%    passed     94.60%
  89  351    0.00%    passed     44.17%
  90  321    0.00%    passed      7.20%
  91  308    0.00%    passed     25.88%
  92  306    0.00%    passed     54.00%
  93  282    0.00%    passed     11.17%
  94  276    0.00%    passed      6.32%
  95  273    0.00%    passed     19.09%
  96  270    0.00%    passed     24.77%
  97  339    0.00%    passed      8.18%
  98  318    0.00%    passed     65.74%
  99  269    0.00%    passed     60.15%
 100  267    0.00%    failed      2.98%
 101  290    0.00%    passed     20.05%
 102  278    0.00%    passed      8.78%
 103  263    0.00%    passed     43.05%
 104  344    0.00%    passed     31.36%
 105  395    0.00%    passed     65.11%
 106  474    0.00%    passed     85.47%
 107  345    0.00%    passed     59.16%
 108  330    0.00%    passed     58.82%
 109  334    0.00%    passed     62.61%
 110  409    0.00%    passed     82.12%
 111  393    0.00%    passed     51.33%
 112  440    0.00%    passed     41.72%
 113  332    0.00%    passed     82.38%
 114  313    0.00%    passed     89.71%
 115  325    0.00%    passed     25.04%
 116  329    0.00%    passed     82.23%
 117  340    0.00%    passed     84.73%
 118  311    0.00%    passed     14.18%
 119  300    0.00%    passed     89.82%
 120  285    0.00%    passed     29.55%
 121  376    0.00%    passed     84.73%
 122  377    0.00%    passed     38.09%
 123  301    0.00%    passed      9.19%
 124  331    0.00%    passed     75.28%
 125  293    0.00%    passed     53.67%
 126  348    0.00%    passed     99.21%
 127  387    0.00%    passed     38.81%
 128  355    0.00%    failed      1.65%
 129  404    0.00%    passed     14.11%
 130  372    0.00%    passed     50.72%
 131  452    0.00%    passed     66.06%
 132  383    0.00%    passed     36.55%
 133  459    0.00%    passed     33.14%
 134  289    0.00%    passed     36.34%
 135  281    0.00%    passed     27.05%
 136  341    0.00%    passed     56.82%
 137  394    0.00%    passed     23.16%
 138  434    0.00%    passed     47.53%
 139  433    0.00%    passed     33.20%
 140  445    0.00%    passed     79.08%
 141  492    0.00%    passed     48.03%
 142  500    0.00%    passed     28.35%
 143  501    0.00%    passed     15.15%
 144  505    0.00%    passed      8.78%
 145  428    0.00%    passed     44.52%
 146  424    0.00%    passed     86.33%
 147  399    0.00%    passed     16.92%
 148  385    0.00%    passed     87.39%
 149  498    0.00%    passed     60.98%
 150  413    0.00%    passed     71.42%
 151  420    0.00%    passed     11.12%
 152  469    0.00%    passed     62.75%
 153  470    0.00%    passed     96.14%
 154  425    0.00%    passed     73.14%
 155  417    0.00%    passed     87.04%
 156  414    0.00%    passed     96.44%
 157  388    0.00%    passed     67.76%
 158  384    0.00%    passed     71.87%
 159  416    0.00%    passed     52.39%
 160  360    0.00%    passed     48.15%
 161  436    0.00%    passed     35.63%
 162  464    0.00%    passed     35.79%
 163  488    0.00%    passed     40.45%
 164  489    0.00%    passed     99.07%
 165  502    0.00%    passed     95.93%
 166  487    0.00%    passed     82.56%
 167  449    0.00%    passed     44.02%
 168  466    0.00%    passed     83.67%
 169  460    0.00%    passed     77.74%
 170  457    0.00%    passed     85.23%
 171  442    0.00%    passed     40.80%
 172  453    0.00%    passed     79.76%
 173  494    0.00%    passed     27.12%
 174  490    0.00%    passed     15.38%
 175  503    0.00%    passed     49.18%
 176  496    0.00%    passed     67.58%
 177  438    0.00%    passed      7.03%
 178  468    0.00%    passed     88.77%
 179  493    0.00%    passed     58.35%
 180  462    0.00%    passed      8.64%
 181  484    0.00%    passed     78.47%
 182  412    0.00%    passed     83.54%
 183  410    0.00%    passed     42.36%
 184  406    0.00%    passed     89.65%
 185  467    0.00%    passed     49.94%
 186  400    0.00%    passed     31.15%
 187  471    0.00%    passed     56.02%
 188  396    0.00%    passed     15.20%
 189  390    0.00%    passed     47.30%
 190  398    0.00%    passed     72.11%
 191  392    0.00%    passed     14.38%
 192  391    0.00%    passed     56.21%
 193  378    0.00%    passed     77.10%
 194  465    0.00%    passed     39.61%
 195  499    0.00%    passed     50.51%
 196  451    0.00%    passed     74.89%
 197  461    0.00%    passed     82.46%
 198  444    0.00%    passed     69.98%
 199  423    0.00%    passed     22.76%
 200  418    0.00%    passed     92.58%
 201  472    0.00%    passed     74.05%
 202  456    0.00%    passed     92.73%
 203  477    0.00%    passed     12.62%
 204  506    0.00%    passed     65.15%
 205  497    0.00%    passed     19.67%
 206  483    0.00%    passed     83.50%
 207  448    0.00%    passed     60.07%
 208  415    0.00%    passed     30.65%
 209  495    0.00%    passed     28.82%
 210  486    0.00%    passed     15.03%
 211  475    0.00%    passed     62.98%
 212  479    0.00%    passed     56.35%
 213  443    0.00%    passed     85.28%
 214  441    0.00%    passed     11.25%
 215  432    0.00%    passed     47.88%
 216  482    0.00%    passed     91.97%
 217  439    0.00%    passed     39.26%
 218  419    0.00%    passed     63.65%
 219  450    0.00%    passed     37.25%
 220  463    0.00%    passed     53.15%
 221  455    0.00%    passed     12.65%
 222  446    0.00%    passed     75.36%
 223  401    0.00%    passed     53.18%
 224  431    0.00%    passed     44.79%
 225  402    0.00%    passed     53.93%
 226  380    0.00%    passed     74.20%
 227  435    0.00%    passed     40.54%
 228  371    0.00%    passed     18.55%
 229  370    0.00%    passed     11.43%
 230  368    0.00%    passed     73.53%
 231  365    0.00%    passed     23.01%
 232  379    0.00%    passed      8.07%
 233  386    0.00%    passed     24.83%
 234  364    0.00%    passed     48.29%
 235  352    0.00%    passed     75.09%
 236  356    0.00%    passed     95.00%
 237  342    0.00%    passed     94.96%
 238  382    0.00%    passed     20.00%
 239  369    0.00%    passed     81.32%
 240  408    0.00%    passed     89.79%
 241  358    0.00%    passed     37.60%
 242  327    0.00%    passed     33.40%
 243  458    0.00%    passed     65.35%
 244  454    0.00%    passed     50.41%
 245  485    0.00%    passed     41.45%
 246  478    0.00%    passed     76.68%
 247  426    0.00%    passed     23.08%
 248  421    0.00%    passed     55.72%
 249  476    0.00%    passed     36.04%
 250  437    0.00%    passed     79.31%
 251  350    0.00%    passed     62.01%
 252  481    0.00%    passed     72.11%
 253  422    0.00%    passed     13.71%
 254  430    0.00%    passed     23.07%
 255  347    0.00%    passed     65.70%
 256  366    0.00%    passed     44.92%
 257  373    0.00%    passed     18.83%
 258  381    0.00%    passed     30.32%
 259  403    0.00%    passed     46.18%
 260  375    0.00%    passed     63.08%
 261  447    0.00%    passed     30.24%
 262  389    0.00%    passed      9.81%
 263  353    0.00%    passed     70.72%
 264  504    0.00%    passed     48.26%
 265  405    0.00%    passed     33.20%
 266  319    0.00%    passed     64.19%
 267  354    0.00%    failed      4.75%
 268  473    0.00%    passed     67.76%
 269  427    0.00%    passed     40.50%
 270  335    0.00%    passed     52.88%
 271  362    0.00%    passed      5.31%
 272  363    0.00%    passed     50.73%
 273  302    0.00%    passed     98.50%
 274  296    0.00%    passed     97.18%
 275  312    0.00%    passed     21.79%
 276  291    0.00%    passed     60.86%
 277  292    0.00%    passed     91.24%
 278  429    0.00%    passed     15.35%
 279  295    0.00%    failed      2.53%
 280  283    0.00%    passed     13.98%
 281  279    0.00%    passed     22.46%
 282  357    0.00%    passed     53.38%
 283  284    0.00%    passed     31.90%
 284  374    0.00%    failed      0.66%
 285  337    0.00%    passed     16.78%
 286  137    0.00%    passed     98.62%
 287  149    0.00%    passed     49.65%
 288  129    0.00%    passed     57.42%
 289  138    0.00%    passed     13.00%
 290  116    0.00%    passed     13.74%
 291  111    0.00%    passed     74.10%
 292  96     0.00%    passed     22.68%
 293  206    0.00%    passed     35.32%
 294  272    0.00%    passed     36.46%
 295  184    0.00%    passed     47.39%
 296  160    0.00%    passed     72.04%
 297  145    0.00%    passed     72.99%
 298  196    0.00%    passed     95.89%
 299  298    0.00%    passed     15.96%
 300  230    0.00%    passed     89.95%
 301  210    0.00%    passed     41.58%
 302  214    0.00%    passed     10.45%
 303  141    0.00%    passed     73.34%
 304  128    0.00%    passed     51.37%
 305  226    0.00%    passed     61.28%
 306  343    0.00%    failed      2.30%
 307  315    0.00%    passed     81.26%
 308  67     0.00%    passed     25.03%
 309  361    0.00%    passed     58.14%
 310  55     0.00%    passed      6.12%
 311  64     0.00%    passed     38.78%
 312  258    0.00%    passed     31.19%
 313  221    0.00%    passed     60.21%
 314  204    0.00%    passed     23.71%
 315  179    0.00%    passed     86.94%
 316  202    0.00%    passed     84.57%
 317  286    0.00%    passed     92.32%
 318  323    0.00%    passed     13.51%
 319  159    0.00%    passed     35.27%
 320  139    0.00%    passed      5.75%
 321  266    0.00%    failed      3.11%
 322  349    0.00%    passed     11.74%
 323  135    0.00%    passed     52.25%
 324  174    0.00%    passed     49.23%
 325  134    0.00%    failed      1.54%
 326  115    0.00%    passed     13.43%
 327  218    0.00%    passed     10.62%
 328  122    0.00%    passed     97.84%
 329  107    0.00%    passed     49.88%
 330  186    0.00%    passed     29.44%
 331  106    0.00%    passed      6.06%
 332  104    0.00%    passed     91.63%
 333  220    0.00%    passed     22.72%
 334  187    0.00%    passed     13.70%
 335  154    0.00%    passed     22.88%
 336  76     0.00%    passed     86.20%
 337  73     0.00%    passed     36.24%
 338  146    0.00%    passed     95.35%
 339  201    0.00%    passed     34.07%
 340  71     0.00%    passed     26.48%
 341  69     0.00%    passed     80.64%
 342  54     0.00%    passed     64.19%
 343  52     0.00%    passed     35.01%
 344  21     0.00%    passed     39.27%
 345  89     0.00%    passed     68.77%
 346  84     0.00%    failed      2.83%
 347  25     0.00%    passed     83.84%
 348  22     0.00%    passed     54.42%
 349  18     0.00%    passed     35.64%
 350  242    0.00%    passed     22.37%
 351  3      0.00%    passed     46.04%
 352  121    0.00%    passed     34.05%
 353  93     0.00%    passed     41.32%
 354  224    0.00%    passed     97.64%
 355  243    0.00%    passed     93.02%
 356  271    0.00%    passed     40.86%
 357  58     0.00%    passed     12.67%
 358  72     0.00%    passed     55.96%
 359  247    0.00%    passed     23.15%
 360  219    0.00%    passed     24.89%
 361  103    0.00%    passed     61.53%
 362  223    0.00%    passed     34.06%
 363  41     0.00%    passed     62.83%
 364  45     0.00%    passed     37.91%
 365  123    0.00%    passed     65.21%
 366  105    0.00%    passed     91.61%
 367  108    0.00%    passed     81.74%
 368  44     0.00%    passed     71.15%
 369  130    0.00%    passed     92.29%
 370  173    0.00%    passed     42.63%
 371  328    0.00%    passed     43.25%
 372  109    0.00%    passed     93.20%
 373  262    0.00%    passed     73.88%
 374  232    0.00%    passed     34.85%
 375  239    0.00%    passed     30.69%
 376  260    0.00%    passed     81.54%
 377  177    0.00%    passed     90.15%
 378  164    0.00%    passed     48.39%
 379  112    0.00%    passed     77.78%
 380  100    0.00%    passed     12.46%
 381  274    0.00%    passed     12.06%
 382  88     0.00%    passed     36.43%
 383  47     0.00%    passed     18.29%
 384  65     0.00%    passed     69.80%
 385  42     0.00%    passed     80.41%
 386  15     0.00%    passed     39.71%
 387  40     0.00%    passed     40.68%
 388  95     0.00%    passed     73.05%
 389  199    0.00%    passed     88.04%
 390  10     0.00%    passed     77.24%
 391  8      0.00%    passed     35.66%
 392  158    0.00%    passed      7.37%
 393  162    0.00%    passed     40.81%
 394  61     0.00%    passed     90.57%
 395  26     0.00%    passed     89.72%
 396  38     0.00%    passed     48.06%
 397  190    0.00%    passed     27.02%
 398  200    0.00%    passed     18.96%
 399  31     0.00%    passed     54.35%
 400  27     0.00%    passed     12.63%
 401  81     0.00%    passed     89.73%
 402  101    0.00%    passed     41.93%
 403  53     0.00%    passed     36.19%
 404  33     0.00%    passed     95.00%
 405  102    0.00%    passed     35.57%
 406  23     0.00%    passed     93.20%
 407  233    0.00%    passed     27.62%
 408  136    0.00%    passed     52.48%
 409  36     0.00%    passed     94.14%
 410  148    0.00%    passed     26.95%
 411  132    0.00%    passed     88.37%
 412  168    0.00%    passed     70.87%
 413  124    0.00%    passed     47.16%
 414  294    0.00%    passed     35.52%
 415  316    0.00%    passed     91.07%
 416  320    0.00%    passed     96.74%
 417  181    0.00%    passed      6.32%
 418  110    0.00%    passed     57.87%
 419  60     0.00%    passed     52.48%
 420  7      0.00%    passed     17.25%
 421  9      0.00%    passed     94.77%
 422  5      0.00%    passed     69.58%
 423  209    0.00%    passed      9.11%
 424  143    0.00%    passed     44.53%
 425  211    0.00%    passed     70.44%
 426  43     0.00%    passed     50.25%
 427  241    0.00%    passed     91.10%
 428  37     0.00%    passed     59.21%
 429  228    0.00%    passed     42.32%
 430  303    0.00%    passed     42.34%
 431  268    0.00%    passed     65.30%
 432  24     0.00%    passed      5.42%
 433  14     0.00%    passed     33.54%
 434  113    0.00%    passed     45.05%
 435  19     0.00%    passed     93.53%
 436  11     0.00%    passed     32.41%
 437  6      0.00%    passed     53.15%
 438  238    0.00%    passed     46.85%
 439  205    0.00%    passed     44.59%
 440  246    0.00%    passed     13.12%
 441  75     0.00%    passed     52.15%
 442  140    0.00%    passed     56.69%
 443  254    0.00%    passed     53.34%
 444  170    0.00%    passed     61.86%
 445  142    0.00%    passed     93.11%
 446  90     0.00%    passed     21.69%
 447  83     0.00%    passed     56.19%
 448  117    0.00%    passed     64.41%
 449  287    0.00%    passed     69.80%
 450  411    0.00%    passed     23.73%
 451  70     0.00%    passed     55.45%
 452  28     0.00%    passed      8.00%
 453  13     0.00%    failed      3.42%
 454  78     0.00%    passed     15.12%
 455  46     0.00%    passed     25.53%
 456  63     0.00%    passed     97.95%
 457  118    0.00%    passed     43.67%
 458  59     0.00%    passed     42.90%
 459  57     0.00%    passed     79.62%
 460  236    0.00%    passed     22.88%
 461  234    0.00%    passed     21.02%
 462  227    0.00%    passed     13.96%
 463  167    0.00%    passed     49.34%
 464  126    0.00%    passed     21.22%
 465  175    0.00%    passed     66.99%
 466  182    0.00%    passed     36.88%
 467  120    0.00%    passed     98.19%
 468  86     0.00%    passed     34.78%
 469  85     0.00%    passed     82.58%
 470  127    0.00%    passed     57.24%
 471  156    0.00%    passed     36.73%
 472  98     0.00%    passed     51.89%
 473  94     0.00%    passed     78.22%
 474  216    0.00%    passed     92.48%
 475  261    0.00%    passed     99.73%
 476  79     0.00%    passed     22.78%
 477  155    0.00%    passed     94.26%
 478  147    0.00%    passed     12.50%
 479  87     0.00%    passed     75.03%
 480  163    0.00%    passed      6.46%
 481  80     0.00%    passed     43.09%
 482  125    0.00%    passed     57.43%
 483  114    0.00%    passed     30.07%
 484  131    0.00%    passed     54.84%
 485  74     0.00%    passed     11.65%
 486  62     0.00%    passed     96.61%
 487  188    0.00%    passed     69.85%
 488  229    0.00%    passed     31.35%
 489  150    0.00%    passed     67.82%
 490  265    0.00%    passed     93.32%
 491  119    0.00%    passed     68.96%
 492  50     0.00%    passed     25.95%
 493  68     0.00%    passed     39.15%
 494  231    0.00%    passed     10.26%
 495  48     0.00%    passed     52.73%
 496  39     0.00%    passed     45.55%
 497  77     0.00%    passed     78.14%
 498  17     0.00%    passed     94.34%
 499  29     0.00%    passed      6.89%
 500  49     0.00%    passed     66.77%
 501  183    0.00%    failed      2.38%
 502  56     0.00%    passed     21.87%
 503  16     0.00%    passed     88.96%
 504  4      0.00%    passed     99.36%
 505  2      0.00%    passed     22.22%
 506  99     0.00%    passed     16.86%
 507  1      0.00%    passed     28.43%
****  TOTAL    0.00%  16 sequences failed composition chi2 test (p-value<5%; df=3)

CHECKPOINT: Initial tree restored
Generating 1000 samples for ultrafast bootstrap (seed: 372627)...
CHECKPOINT: 1000 UFBoot trees and 2 UFBootSplits restored

NOTE: 209 MB RAM (0 GB) is required!
Measuring multi-threading efficiency up to 4 CPU cores
8 trees examined
Threads: 1 / Time: 4.151 sec / Speedup: 1.000 / Efficiency: 100% / LogL: -2026349
Threads: 2 / Time: 2.886 sec / Speedup: 1.438 / Efficiency: 72% / LogL: -2026349
Threads: 3 / Time: 3.171 sec / Speedup: 1.309 / Efficiency: 44% / LogL: -2026349
BEST NUMBER OF THREADS: 2

CHECKPOINT: Model parameters restored, LogL: -1889959.519
--------------------------------------------------------------------
|             INITIALIZING CANDIDATE TREE SET                      |
--------------------------------------------------------------------
CHECKPOINT: Candidate tree set restored, best LogL: -1889959.519
Finish initializing candidate tree set (20)
Current best tree score: -1889959.519 / CPU time: 0.000
Number of iterations: 110
--------------------------------------------------------------------
|               OPTIMIZING CANDIDATE TREE SET                      |
--------------------------------------------------------------------
Estimate model parameters (epsilon = 0.100)
BETTER TREE FOUND at iteration 119: -1889915.182
Iteration 120 / LogL: -1890407.167 / Time: 0h:4m:53s (0h:4m:4s left)
Iteration 130 / LogL: -1890507.627 / Time: 0h:10m:17s (0h:7m:5s left)
Iteration 140 / LogL: -1890692.272 / Time: 0h:15m:12s (0h:8m:38s left)
Iteration 150 / LogL: -1890263.777 / Time: 0h:18m:21s (0h:8m:29s left)
Log-likelihood cutoff on original alignment: -1890013.990
Iteration 160 / LogL: -1890986.095 / Time: 0h:21m:2s (0h:7m:48s left)
Iteration 170 / LogL: -1890375.358 / Time: 0h:24m:30s (0h:7m:6s left)
Iteration 180 / LogL: -1890023.032 / Time: 0h:27m:17s (0h:5m:56s left)
Iteration 190 / LogL: -1890971.652 / Time: 0h:31m:35s (0h:4m:50s left)
Iteration 200 / LogL: -1890567.309 / Time: 0h:36m:34s (0h:3m:29s left)
Log-likelihood cutoff on original alignment: -1890013.990
NOTE: Bootstrap correlation coefficient of split occurrence frequencies: 0.492
NOTE: UFBoot does not converge, continue at least 100 more iterations
WARNING: NNI search needs unusual large number of steps (504) to converge!
Iteration 210 / LogL: -1890109.342 / Time: 0h:45m:48s (0h:19m:43s left)
Iteration 220 / LogL: -1890400.161 / Time: 0h:50m:51s (0h:18m:34s left)
Iteration 230 / LogL: -1890091.425 / Time: 0h:56m:53s (0h:17m:23s left)
Iteration 240 / LogL: -1890895.343 / Time: 1h:5m:49s (0h:16m:31s left)
Iteration 250 / LogL: -1890453.811 / Time: 1h:14m:50s (0h:15m:1s left)
Log-likelihood cutoff on original alignment: -1890013.990
Iteration 260 / LogL: -1890545.404 / Time: 1h:21m:22s (0h:12m:34s left)
Estimate model parameters (epsilon = 0.100)
BETTER TREE FOUND at iteration 266: -1889872.946
Estimate model parameters (epsilon = 0.100)
BETTER TREE FOUND at iteration 269: -1889760.285
Iteration 270 / LogL: -1890230.302 / Time: 1h:28m:32s (0h:32m:35s left)
Iteration 280 / LogL: -1889960.430 / Time: 1h:32m:33s (0h:29m:31s left)
Iteration 290 / LogL: -1891023.470 / Time: 1h:39m:20s (0h:27m:9s left)
Estimate model parameters (epsilon = 0.100)
BETTER TREE FOUND at iteration 292: -1889734.165
Iteration 300 / LogL: -1890886.543 / Time: 1h:46m:12s (0h:32m:40s left)
Log-likelihood cutoff on original alignment: -1889791.453
NOTE: Bootstrap correlation coefficient of split occurrence frequencies: 0.201
NOTE: UFBoot does not converge, continue at least 100 more iterations
Iteration 310 / LogL: -1890194.208 / Time: 1h:50m:16s (0h:32m:6s left)
Iteration 320 / LogL: -1890555.967 / Time: 1h:53m:19s (0h:28m:25s left)
Iteration 330 / LogL: -1890328.999 / Time: 2h:1m:2s (0h:25m:45s left)
Iteration 340 / LogL: -1889982.982 / Time: 2h:5m:34s (0h:22m:13s left)
Iteration 350 / LogL: -1890726.224 / Time: 2h:8m:25s (0h:18m:23s left)
Log-likelihood cutoff on original alignment: -1889791.453
Iteration 360 / LogL: -1890081.109 / Time: 2h:11m:54s (0h:14m:41s left)
Iteration 370 / LogL: -1890036.508 / Time: 2h:15m:42s (0h:11m:2s left)
Iteration 380 / LogL: -1890590.683 / Time: 2h:19m:26s (0h:7m:21s left)
Estimate model parameters (epsilon = 0.100)
BETTER TREE FOUND at iteration 383: -1889703.148
Estimate model parameters (epsilon = 0.100)
BETTER TREE FOUND at iteration 390: -1889687.318
Iteration 390 / LogL: -1889687.318 / Time: 2h:28m:11s (0h:38m:5s left)
Iteration 400 / LogL: -1889709.808 / Time: 2h:37m:21s (0h:35m:29s left)
Log-likelihood cutoff on original alignment: -1889742.070
NOTE: Bootstrap correlation coefficient of split occurrence frequencies: 0.290
NOTE: UFBoot does not converge, continue at least 100 more iterations
Iteration 410 / LogL: -1889888.442 / Time: 2h:44m:12s (0h:36m:7s left)
Iteration 420 / LogL: -1889787.769 / Time: 2h:51m:10s (0h:32m:40s left)
Iteration 430 / LogL: -1889857.110 / Time: 2h:53m:34s (0h:28m:19s left)
Iteration 440 / LogL: -1889887.356 / Time: 2h:59m:2s (0h:24m:28s left)
Iteration 450 / LogL: -1889862.839 / Time: 3h:4m:8s (0h:20m:30s left)
Log-likelihood cutoff on original alignment: -1889742.070
Iteration 460 / LogL: -1890992.033 / Time: 3h:10m:36s (0h:16m:36s left)
Iteration 470 / LogL: -1889850.508 / Time: 3h:13m:50s (0h:12m:23s left)
Iteration 480 / LogL: -1890830.197 / Time: 3h:21m:49s (0h:8m:25s left)
Estimate model parameters (epsilon = 0.100)
BETTER TREE FOUND at iteration 484: -1889634.239
Iteration 490 / LogL: -1889684.014 / Time: 3h:27m:19s (0h:39m:51s left)
Iteration 500 / LogL: -1890059.793 / Time: 3h:33m:41s (0h:35m:58s left)
Log-likelihood cutoff on original alignment: -1889709.922
NOTE: Bootstrap correlation coefficient of split occurrence frequencies: 0.274
NOTE: UFBoot does not converge, continue at least 100 more iterations
Iteration 510 / LogL: -1890057.749 / Time: 3h:36m:30s (0h:38m:16s left)
Iteration 520 / LogL: -1889850.335 / Time: 3h:39m:38s (0h:33m:51s left)
Iteration 530 / LogL: -1893218.474 / Time: 3h:42m:52s (0h:29m:29s left)
Iteration 540 / LogL: -1890348.829 / Time: 3h:50m:41s (0h:25m:40s left)
Iteration 550 / LogL: -1890343.627 / Time: 3h:55m:42s (0h:21m:28s left)
Log-likelihood cutoff on original alignment: -1889709.922
Iteration 560 / LogL: -1889820.723 / Time: 4h:2m:27s (0h:17m:20s left)
Iteration 570 / LogL: -1889836.444 / Time: 4h:7m:46s (0h:13m:3s left)
Estimate model parameters (epsilon = 0.100)
BETTER TREE FOUND at iteration 576: -1889632.696
Iteration 580 / LogL: -1890228.179 / Time: 4h:14m:30s (0h:42m:11s left)
Iteration 590 / LogL: -1889678.406 / Time: 4h:23m:38s (0h:38m:29s left)
Iteration 600 / LogL: -1890173.832 / Time: 4h:28m:52s (0h:34m:6s left)
Log-likelihood cutoff on original alignment: -1889709.922
NOTE: Bootstrap correlation coefficient of split occurrence frequencies: 0.486
NOTE: UFBoot does not converge, continue at least 100 more iterations
Iteration 610 / LogL: -1889914.831 / Time: 4h:34m:12s (0h:40m:31s left)
Iteration 620 / LogL: -1891021.726 / Time: 4h:40m:19s (0h:36m:13s left)
Iteration 630 / LogL: -1893337.771 / Time: 4h:46m:10s (0h:31m:50s left)
Iteration 640 / LogL: -1894218.736 / Time: 4h:49m:23s (0h:27m:10s left)
Iteration 650 / LogL: -1889713.929 / Time: 4h:54m:40s (0h:22m:42s left)
Log-likelihood cutoff on original alignment: -1889703.327
Iteration 660 / LogL: -1890211.033 / Time: 4h:59m:58s (0h:18m:12s left)
Iteration 670 / LogL: -1890131.167 / Time: 5h:8m:17s (0h:13m:49s left)
Iteration 680 / LogL: -1889794.793 / Time: 5h:14m:35s (0h:9m:15s left)
Iteration 690 / LogL: -1890645.612 / Time: 5h:20m:11s (0h:4m:38s left)
Iteration 700 / LogL: -1889733.225 / Time: 5h:28m:24s (0h:0m:0s left)
Log-likelihood cutoff on original alignment: -1889703.327
NOTE: Bootstrap correlation coefficient of split occurrence frequencies: 0.540
NOTE: UFBoot does not converge, continue at least 100 more iterations
Iteration 710 / LogL: -1890519.576 / Time: 5h:31m:31s (0h:42m:4s left)
Iteration 720 / LogL: -1889950.199 / Time: 5h:36m:36s (0h:37m:27s left)
Iteration 730 / LogL: -1889753.836 / Time: 5h:40m:32s (0h:32m:41s left)
Iteration 740 / LogL: -1889781.835 / Time: 5h:49m:18s (0h:28m:21s left)
Iteration 750 / LogL: -1890270.051 / Time: 5h:52m:49s (0h:23m:33s left)
Log-likelihood cutoff on original alignment: -1889703.327
Iteration 760 / LogL: -1890171.428 / Time: 5h:59m:9s (0h:18m:55s left)
Iteration 770 / LogL: -1889858.272 / Time: 6h:4m:37s (0h:14m:13s left)
Iteration 780 / LogL: -1890291.335 / Time: 6h:11m:57s (0h:9m:32s left)
Iteration 790 / LogL: -1890272.937 / Time: 6h:16m:10s (0h:4m:46s left)
Estimate model parameters (epsilon = 0.100)
BETTER TREE FOUND at iteration 798: -1889579.279
Iteration 800 / LogL: -1890454.854 / Time: 6h:23m:4s (0h:46m:59s left)
Log-likelihood cutoff on original alignment: -1889650.169
NOTE: Bootstrap correlation coefficient of split occurrence frequencies: 0.281
NOTE: UFBoot does not converge, continue at least 100 more iterations
Iteration 810 / LogL: -1890033.754 / Time: 6h:29m:36s (0h:43m:20s left)
Iteration 820 / LogL: -1889689.154 / Time: 6h:32m:5s (0h:38m:17s left)
Iteration 830 / LogL: -1889769.223 / Time: 6h:35m:35s (0h:33m:24s left)
Iteration 840 / LogL: -1890408.925 / Time: 6h:39m:6s (0h:28m:32s left)
Iteration 850 / LogL: -1890479.966 / Time: 6h:44m:22s (0h:23m:48s left)
Log-likelihood cutoff on original alignment: -1889650.169
Iteration 860 / LogL: -1889711.491 / Time: 6h:48m:27s (0h:19m:1s left)
Iteration 870 / LogL: -1891381.536 / Time: 6h:54m:29s (0h:14m:18s left)
Estimate model parameters (epsilon = 0.100)
BETTER TREE FOUND at iteration 877: -1889501.851
Iteration 880 / LogL: -1890094.811 / Time: 7h:2m:56s (0h:46m:40s left)
Iteration 890 / LogL: -1891754.478 / Time: 7h:7m:34s (0h:41m:50s left)
Iteration 900 / LogL: -1889891.881 / Time: 7h:11m:53s (0h:36m:59s left)
Log-likelihood cutoff on original alignment: -1889523.470
NOTE: Bootstrap correlation coefficient of split occurrence frequencies: 0.301
NOTE: UFBoot does not converge, continue at least 100 more iterations
Iteration 910 / LogL: -1889717.620 / Time: 7h:17m:44s (0h:43m:20s left)
Iteration 920 / LogL: -1891554.816 / Time: 7h:21m:13s (0h:38m:24s left)
Iteration 930 / LogL: -1889536.152 / Time: 7h:27m:51s (0h:33m:44s left)
Iteration 940 / LogL: -1889562.397 / Time: 7h:34m:22s (0h:29m:1s left)
Iteration 950 / LogL: -1890787.995 / Time: 7h:37m:11s (0h:24m:5s left)
Log-likelihood cutoff on original alignment: -1889523.470
Iteration 960 / LogL: -1889958.893 / Time: 7h:40m:2s (0h:19m:11s left)
Iteration 970 / LogL: -1894117.888 / Time: 7h:46m:49s (0h:14m:27s left)
Iteration 980 / LogL: -1889980.840 / Time: 7h:51m:19s (0h:9m:37s left)
Iteration 990 / LogL: -1893528.773 / Time: 7h:57m:11s (0h:4m:49s left)
Iteration 1000 / LogL: -1890884.654 / Time: 8h:6m:23s (0h:0m:0s left)
Log-likelihood cutoff on original alignment: -1889523.470
NOTE: Bootstrap correlation coefficient of split occurrence frequencies: 0.372
NOTE: UFBoot does not converge, continue at least 100 more iterations
TREE SEARCH COMPLETED AFTER 1001 ITERATIONS / Time: 8h:7m:59s

--------------------------------------------------------------------
|                    FINALIZING TREE SEARCH                        |
--------------------------------------------------------------------
Performs final model parameters optimization
Estimate model parameters (epsilon = 0.010)
1. Initial log-likelihood: -1889501.851
Optimal log-likelihood: -1889501.848
Rate parameters:  A-C: 3.140  A-G: 1.664  A-T: 6.142  C-G: 9.141  C-T: 6.700  G-T: 1.000
Base frequencies:   A: 0.387  C: 0.165  G: 0.228  T: 0.219
Site proportion and rates:  (0.001,0.081) (0.239,0.139) (0.286,0.541) (0.473,1.715)
Parameters optimization took 1 rounds (2.255 sec)
BEST SCORE FOUND : -1889501.848

Testing tree branches by SH-like aLRT with 1000 replicates...
Alternative NNI shows better log-likelihood -1889501.838 > -1889501.848
Alternative NNI shows better log-likelihood -1889501.786 > -1889501.848
Alternative NNI shows better log-likelihood -1889501.847 > -1889501.848
Alternative NNI shows better log-likelihood -1889501.839 > -1889501.848
Alternative NNI shows better log-likelihood -1889501.847 > -1889501.848
Alternative NNI shows better log-likelihood -1889501.847 > -1889501.848
Alternative NNI shows better log-likelihood -1889501.837 > -1889501.848
Alternative NNI shows better log-likelihood -1889501.846 > -1889501.848
Alternative NNI shows better log-likelihood -1889501.839 > -1889501.848
Alternative NNI shows better log-likelihood -1889501.785 > -1889501.848
Alternative NNI shows better log-likelihood -1889501.843 > -1889501.848
CPU Time used:  31.768 sec.
WARNING: bootstrap analysis did not converge. You should rerun with higher number of iterations (-nm option)
Creating bootstrap support values...
Split supports printed to NEXUS file sequence_all_seed_number_5_model1.fasta.splits.nex
Total tree length: 7089.512

Total number of iterations: 1001
CPU time used for tree search: 58428.168 sec (16h:13m:48s)
Wall-clock time used for tree search: 29269.205 sec (8h:7m:49s)
Total CPU time used: 58485.932 sec (16h:14m:45s)
Total wall-clock time used: 29299.369 sec (8h:8m:19s)

Computing bootstrap consensus tree...
Reading input file sequence_all_seed_number_5_model1.fasta.splits.nex...
507 taxa and 1334 splits.
Consensus tree written to sequence_all_seed_number_5_model1.fasta.contree
Reading input trees file sequence_all_seed_number_5_model1.fasta.contree
Log-likelihood of consensus tree: -1904086.703

Analysis results written to: 
  IQ-TREE report:                sequence_all_seed_number_5_model1.fasta.iqtree
  Maximum-likelihood tree:       sequence_all_seed_number_5_model1.fasta.treefile
  Likelihood distances:          sequence_all_seed_number_5_model1.fasta.mldist

Ultrafast bootstrap approximation results written to:
  Split support values:          sequence_all_seed_number_5_model1.fasta.splits.nex
  Consensus tree:                sequence_all_seed_number_5_model1.fasta.contree
  Screen log file:               sequence_all_seed_number_5_model1.fasta.log

Date and Time: Sun Oct 29 06:08:41 2017
