IQ-TREE multicore version 1.5.5 for Linux 64-bit built Jun  2 2017
Copyright (c) 2011-2017 by Bui Quang Minh, Nguyen Lam Tung,
Olga Chernomor, Heiko Schmidt, and Arndt von Haeseler.

Host:    david-Inspiron-15-3567 (AVX2, FMA3, 3 GB RAM)
Command: ./iqtree-omp -s sequence_all_seed_number_2_model1.fasta -m GTR+R4 -nt AUTO -alrt 1000 -bb 1000
Seed:    824183 (Using SPRNG - Scalable Parallel Random Number Generator)
Time:    Thu Oct 19 00:45:09 2017
Kernel:  AVX+FMA - auto-detect threads (4 CPU cores detected)

Reading alignment file sequence_all_seed_number_2_model1.fasta ... Phylip format detected
Alignment most likely contains DNA/RNA sequences
Alignment has 38 sequences with 1000 columns and 1000 patterns (1000 informative sites, 0 constant sites)
    Gap/Ambiguity  Composition  p-value
   1  0     0.00%    passed     56.78%
   2  6     0.00%    passed     79.62%
   3  16    0.00%    passed      5.44%
   4  33    0.00%    passed     84.69%
   5  31    0.00%    passed     95.99%
   6  32    0.00%    passed      6.30%
   7  24    0.00%    passed     39.95%
   8  22    0.00%    passed     68.57%
   9  20    0.00%    passed     62.05%
  10  19    0.00%    passed     68.53%
  11  18    0.00%    passed     49.98%
  12  7     0.00%    passed     73.36%
  13  23    0.00%    passed     12.55%
  14  35    0.00%    passed     79.59%
  15  17    0.00%    passed     40.97%
  16  28    0.00%    passed      6.81%
  17  26    0.00%    passed     79.00%
  18  30    0.00%    passed     63.41%
  19  37    0.00%    passed     82.35%
  20  12    0.00%    passed      8.54%
  21  11    0.00%    passed     39.87%
  22  5     0.00%    passed     93.83%
  23  8     0.00%    passed     46.47%
  24  25    0.00%    passed     34.17%
  25  21    0.00%    passed     39.71%
  26  15    0.00%    passed     11.13%
  27  13    0.00%    passed      9.75%
  28  10    0.00%    passed     26.66%
  29  14    0.00%    passed     83.73%
  30  29    0.00%    passed     93.15%
  31  34    0.00%    passed     77.23%
  32  36    0.00%    passed     58.85%
  33  4     0.00%    passed     21.57%
  34  27    0.00%    passed     31.13%
  35  9     0.00%    passed     56.16%
  36  3     0.00%    passed     51.90%
  37  2     0.00%    passed     75.60%
  38  1     0.00%    passed     61.54%
****  TOTAL    0.00%  0 sequences failed composition chi2 test (p-value<5%; df=3)

Create initial parsimony tree by phylogenetic likelihood library (PLL)... 0.032 seconds
Generating 1000 samples for ultrafast bootstrap (seed: 824183)...

NOTE: 8 MB RAM (0 GB) is required!
Measuring multi-threading efficiency up to 4 CPU cores
Increase to 10 rounds for branch lengths
69 trees examined
Threads: 1 / Time: 4.058 sec / Speedup: 1.000 / Efficiency: 100% / LogL: -50746
Threads: 2 / Time: 3.000 sec / Speedup: 1.353 / Efficiency: 68% / LogL: -50746
Threads: 3 / Time: 2.992 sec / Speedup: 1.356 / Efficiency: 45% / LogL: -50746
BEST NUMBER OF THREADS: 2

Estimate model parameters (epsilon = 0.100)
1. Initial log-likelihood: -51353.259
2. Current log-likelihood: -50714.990
3. Current log-likelihood: -50702.061
4. Current log-likelihood: -50698.942
5. Current log-likelihood: -50697.467
6. Current log-likelihood: -50697.046
Optimal log-likelihood: -50696.963
Rate parameters:  A-C: 1.115  A-G: 0.691  A-T: 1.087  C-G: 1.244  C-T: 1.248  G-T: 1.000
Base frequencies:   A: 0.384  C: 0.164  G: 0.232  T: 0.219
Site proportion and rates:  (0.253,0.365) (0.249,1.215) (0.249,1.216) (0.249,1.216)
Parameters optimization took 6 rounds (0.560 sec)
Computing ML distances based on estimated model parameters... 0.040 sec
WARNING: Some pairwise ML distances are too long (saturated)
Computing BIONJ tree...
0.001 seconds
Log-likelihood of BIONJ tree: -50688.263
--------------------------------------------------------------------
|             INITIALIZING CANDIDATE TREE SET                      |
--------------------------------------------------------------------
Generating 98 parsimony trees... 0.640 second
Computing log-likelihood of 98 initial trees ... 1.137 seconds
Current best score: -50688.263

Do NNI search on 20 best initial trees
Estimate model parameters (epsilon = 0.100)
BETTER TREE FOUND at iteration 1: -50675.163
Iteration 10 / LogL: -50689.230 / Time: 0h:0m:20s
Iteration 20 / LogL: -50690.171 / Time: 0h:0m:29s
Finish initializing candidate tree set (20)
Current best tree score: -50675.163 / CPU time: 18.351
Number of iterations: 20
--------------------------------------------------------------------
|               OPTIMIZING CANDIDATE TREE SET                      |
--------------------------------------------------------------------
Estimate model parameters (epsilon = 0.100)
BETTER TREE FOUND at iteration 21: -50668.190
WARNING: NNI search needs unusual large number of steps (35) to converge!
Estimate model parameters (epsilon = 0.100)
BETTER TREE FOUND at iteration 27: -50666.847
Iteration 30 / LogL: -50675.644 / Time: 0h:0m:39s (0h:2m:10s left)
Estimate model parameters (epsilon = 0.100)
BETTER TREE FOUND at iteration 32: -50664.276
Iteration 40 / LogL: -50665.023 / Time: 0h:0m:42s (0h:1m:40s left)
Iteration 50 / LogL: -50665.756 / Time: 0h:0m:46s (0h:1m:17s left)
Log-likelihood cutoff on original alignment: -50696.859
WARNING: NNI search needs unusual large number of steps (35) to converge!
Estimate model parameters (epsilon = 0.100)
BETTER TREE FOUND at iteration 60: -50664.030
Iteration 60 / LogL: -50664.030 / Time: 0h:0m:49s (0h:1m:24s left)
Iteration 70 / LogL: -50716.259 / Time: 0h:0m:51s (0h:1m:6s left)
Iteration 80 / LogL: -50725.027 / Time: 0h:0m:52s (0h:0m:53s left)
Iteration 90 / LogL: -50721.268 / Time: 0h:0m:54s (0h:0m:42s left)
Iteration 100 / LogL: -50719.356 / Time: 0h:0m:55s (0h:0m:33s left)
Log-likelihood cutoff on original alignment: -50696.010
NOTE: Bootstrap correlation coefficient of split occurrence frequencies: 0.978
NOTE: UFBoot does not converge, continue at least 100 more iterations
Iteration 110 / LogL: -50719.241 / Time: 0h:0m:57s (0h:0m:47s left)
Iteration 120 / LogL: -50675.809 / Time: 0h:0m:59s (0h:0m:39s left)
Iteration 130 / LogL: -50720.886 / Time: 0h:1m:0s (0h:0m:32s left)
Iteration 140 / LogL: -50721.108 / Time: 0h:1m:2s (0h:0m:26s left)
Iteration 150 / LogL: -50668.421 / Time: 0h:1m:3s (0h:0m:21s left)
Log-likelihood cutoff on original alignment: -50696.010
Iteration 160 / LogL: -50711.386 / Time: 0h:1m:5s (0h:0m:16s left)
Iteration 170 / LogL: -50714.889 / Time: 0h:1m:6s (0h:0m:11s left)
Iteration 180 / LogL: -50715.697 / Time: 0h:1m:8s (0h:0m:7s left)
Iteration 190 / LogL: -50708.688 / Time: 0h:1m:9s (0h:0m:3s left)
Iteration 200 / LogL: -50673.493 / Time: 0h:1m:11s (0h:0m:0s left)
Log-likelihood cutoff on original alignment: -50696.010
NOTE: Bootstrap correlation coefficient of split occurrence frequencies: 1.000
TREE SEARCH COMPLETED AFTER 200 ITERATIONS / Time: 0h:1m:11s

--------------------------------------------------------------------
|                    FINALIZING TREE SEARCH                        |
--------------------------------------------------------------------
Performs final model parameters optimization
Estimate model parameters (epsilon = 0.010)
1. Initial log-likelihood: -50664.030
2. Current log-likelihood: -50663.975
3. Current log-likelihood: -50663.883
4. Current log-likelihood: -50663.821
5. Current log-likelihood: -50663.789
6. Current log-likelihood: -50663.761
7. Current log-likelihood: -50663.744
Optimal log-likelihood: -50663.735
Rate parameters:  A-C: 0.642  A-G: 0.399  A-T: 1.718  C-G: 1.248  C-T: 1.104  G-T: 1.000
Base frequencies:   A: 0.384  C: 0.164  G: 0.232  T: 0.219
Site proportion and rates:  (0.191,0.033) (0.269,1.263) (0.270,1.210) (0.270,1.210)
Parameters optimization took 7 rounds (0.624 sec)
BEST SCORE FOUND : -50663.735

Testing tree branches by SH-like aLRT with 1000 replicates...
Alternative NNI shows better log-likelihood -50663.648 > -50663.735
Alternative NNI shows better log-likelihood -50663.668 > -50663.735
Alternative NNI shows better log-likelihood -50663.718 > -50663.735
Alternative NNI shows better log-likelihood -50663.352 > -50663.735
Alternative NNI shows better log-likelihood -50663.654 > -50663.735
CPU Time used:  0.792 sec.
Creating bootstrap support values...
Split supports printed to NEXUS file sequence_all_seed_number_2_model1.fasta.splits.nex
Total tree length: 1568.048

Total number of iterations: 200
CPU time used for tree search: 120.724 sec (0h:2m:0s)
Wall-clock time used for tree search: 60.604 sec (0h:1m:0s)
Total CPU time used: 144.356 sec (0h:2m:24s)
Total wall-clock time used: 72.741 sec (0h:1m:12s)

Computing bootstrap consensus tree...
Reading input file sequence_all_seed_number_2_model1.fasta.splits.nex...
38 taxa and 1158 splits.
Consensus tree written to sequence_all_seed_number_2_model1.fasta.contree
Reading input trees file sequence_all_seed_number_2_model1.fasta.contree
Log-likelihood of consensus tree: -50907.334

Analysis results written to: 
  IQ-TREE report:                sequence_all_seed_number_2_model1.fasta.iqtree
  Maximum-likelihood tree:       sequence_all_seed_number_2_model1.fasta.treefile
  Likelihood distances:          sequence_all_seed_number_2_model1.fasta.mldist

Ultrafast bootstrap approximation results written to:
  Split support values:          sequence_all_seed_number_2_model1.fasta.splits.nex
  Consensus tree:                sequence_all_seed_number_2_model1.fasta.contree
  Screen log file:               sequence_all_seed_number_2_model1.fasta.log

Date and Time: Thu Oct 19 00:46:22 2017
