IQ-TREE multicore version 1.5.5 for Linux 64-bit built Jun  2 2017
Copyright (c) 2011-2017 by Bui Quang Minh, Nguyen Lam Tung,
Olga Chernomor, Heiko Schmidt, and Arndt von Haeseler.

Host:    david-Inspiron-15-3567 (AVX2, FMA3, 3 GB RAM)
Command: ./iqtree-omp -s sequence_all_seed_number_2_model1.fasta -m GTR+R4 -nt AUTO -alrt 1000 -bb 1000
Seed:    670003 (Using SPRNG - Scalable Parallel Random Number Generator)
Time:    Sat Oct 21 17:36:50 2017
Kernel:  AVX+FMA - auto-detect threads (4 CPU cores detected)

Reading alignment file sequence_all_seed_number_2_model1.fasta ... Phylip format detected
Alignment most likely contains DNA/RNA sequences
Alignment has 38 sequences with 1000 columns and 1000 patterns (1000 informative sites, 0 constant sites)
    Gap/Ambiguity  Composition  p-value
   1  0     0.00%    passed     74.81%
   2  6     0.00%    passed     80.45%
   3  16    0.00%    passed      9.28%
   4  33    0.00%    passed     77.46%
   5  31    0.00%    passed     89.79%
   6  32    0.00%    passed     12.01%
   7  24    0.00%    passed     12.43%
   8  22    0.00%    passed     40.11%
   9  20    0.00%    passed     62.66%
  10  19    0.00%    passed     42.24%
  11  18    0.00%    passed     12.87%
  12  7     0.00%    passed     78.21%
  13  23    0.00%    passed      5.93%
  14  35    0.00%    passed     48.43%
  15  17    0.00%    passed     67.69%
  16  28    0.00%    passed     35.82%
  17  26    0.00%    passed     93.30%
  18  30    0.00%    passed     99.11%
  19  37    0.00%    passed     83.65%
  20  12    0.00%    passed     23.06%
  21  11    0.00%    passed     24.61%
  22  5     0.00%    passed     82.15%
  23  8     0.00%    passed     87.17%
  24  25    0.00%    passed     31.81%
  25  21    0.00%    passed     23.25%
  26  15    0.00%    passed     17.59%
  27  13    0.00%    passed     10.35%
  28  10    0.00%    passed     46.63%
  29  14    0.00%    passed     50.86%
  30  29    0.00%    passed     74.46%
  31  34    0.00%    passed     86.84%
  32  36    0.00%    passed     18.51%
  33  4     0.00%    passed     23.56%
  34  27    0.00%    passed     37.14%
  35  9     0.00%    passed     50.54%
  36  3     0.00%    passed     82.09%
  37  2     0.00%    passed     70.76%
  38  1     0.00%    passed     28.65%
****  TOTAL    0.00%  0 sequences failed composition chi2 test (p-value<5%; df=3)

Create initial parsimony tree by phylogenetic likelihood library (PLL)... 0.004 seconds
Generating 1000 samples for ultrafast bootstrap (seed: 670003)...

NOTE: 8 MB RAM (0 GB) is required!
Measuring multi-threading efficiency up to 4 CPU cores
Increase to 10 rounds for branch lengths
68 trees examined
Threads: 1 / Time: 4.022 sec / Speedup: 1.000 / Efficiency: 100% / LogL: -50699
Threads: 2 / Time: 2.986 sec / Speedup: 1.347 / Efficiency: 67% / LogL: -50699
Threads: 3 / Time: 2.999 sec / Speedup: 1.341 / Efficiency: 45% / LogL: -50699
BEST NUMBER OF THREADS: 2

Estimate model parameters (epsilon = 0.100)
1. Initial log-likelihood: -51305.655
2. Current log-likelihood: -50666.134
3. Current log-likelihood: -50653.621
4. Current log-likelihood: -50649.810
5. Current log-likelihood: -50648.041
6. Current log-likelihood: -50646.028
7. Current log-likelihood: -50644.928
8. Current log-likelihood: -50644.065
9. Current log-likelihood: -50643.768
10. Current log-likelihood: -50643.645
11. Current log-likelihood: -50643.521
12. Current log-likelihood: -50643.377
13. Current log-likelihood: -50643.269
Optimal log-likelihood: -50642.997
Rate parameters:  A-C: 1.843  A-G: 0.589  A-T: 0.684  C-G: 0.656  C-T: 0.258  G-T: 1.000
Base frequencies:   A: 0.386  C: 0.163  G: 0.232  T: 0.219
Site proportion and rates:  (0.194,0.047) (0.268,1.234) (0.269,1.227) (0.269,1.227)
Parameters optimization took 13 rounds (1.028 sec)
Computing ML distances based on estimated model parameters... 0.040 sec
WARNING: Some pairwise ML distances are too long (saturated)
Computing BIONJ tree...
0.001 seconds
Log-likelihood of BIONJ tree: -50691.289
--------------------------------------------------------------------
|             INITIALIZING CANDIDATE TREE SET                      |
--------------------------------------------------------------------
Generating 98 parsimony trees... 0.659 second
Computing log-likelihood of 98 initial trees ... 1.255 seconds
Current best score: -50642.997

Do NNI search on 20 best initial trees
Estimate model parameters (epsilon = 0.100)
BETTER TREE FOUND at iteration 1: -50622.587
Iteration 10 / LogL: -50877.043 / Time: 0h:0m:21s
Iteration 20 / LogL: -50883.314 / Time: 0h:0m:28s
Finish initializing candidate tree set (20)
Current best tree score: -50622.587 / CPU time: 17.549
Number of iterations: 20
--------------------------------------------------------------------
|               OPTIMIZING CANDIDATE TREE SET                      |
--------------------------------------------------------------------
Estimate model parameters (epsilon = 0.100)
BETTER TREE FOUND at iteration 21: -50621.915
Estimate model parameters (epsilon = 0.100)
BETTER TREE FOUND at iteration 23: -50620.344
Estimate model parameters (epsilon = 0.100)
BETTER TREE FOUND at iteration 30: -50618.581
Iteration 30 / LogL: -50618.581 / Time: 0h:0m:33s (0h:1m:54s left)
Estimate model parameters (epsilon = 0.100)
BETTER TREE FOUND at iteration 32: -50612.243
Iteration 40 / LogL: -50619.523 / Time: 0h:0m:38s (0h:1m:30s left)
Iteration 50 / LogL: -50616.553 / Time: 0h:0m:42s (0h:1m:10s left)
Log-likelihood cutoff on original alignment: -50642.839
WARNING: NNI search needs unusual large number of steps (35) to converge!
Iteration 60 / LogL: -50613.975 / Time: 0h:0m:45s (0h:0m:55s left)
Iteration 70 / LogL: -50613.831 / Time: 0h:0m:49s (0h:0m:44s left)
Iteration 80 / LogL: -50612.915 / Time: 0h:0m:53s (0h:0m:34s left)
Iteration 90 / LogL: -50612.780 / Time: 0h:0m:56s (0h:0m:26s left)
Iteration 100 / LogL: -50615.389 / Time: 0h:1m:0s (0h:0m:19s left)
Log-likelihood cutoff on original alignment: -50637.640
NOTE: Bootstrap correlation coefficient of split occurrence frequencies: 0.967
NOTE: UFBoot does not converge, continue at least 100 more iterations
Iteration 110 / LogL: -50619.161 / Time: 0h:1m:3s (0h:0m:52s left)
Iteration 120 / LogL: -50617.852 / Time: 0h:1m:7s (0h:0m:45s left)
Iteration 130 / LogL: -50618.914 / Time: 0h:1m:11s (0h:0m:38s left)
Iteration 140 / LogL: -50618.518 / Time: 0h:1m:14s (0h:0m:32s left)
Estimate model parameters (epsilon = 0.100)
BETTER TREE FOUND at iteration 148: -50611.783
Iteration 150 / LogL: -50612.460 / Time: 0h:1m:18s (0h:0m:51s left)
Log-likelihood cutoff on original alignment: -50637.224
Estimate model parameters (epsilon = 0.100)
BETTER TREE FOUND at iteration 156: -50610.886
Iteration 160 / LogL: -50615.037 / Time: 0h:1m:24s (0h:0m:50s left)
Iteration 170 / LogL: -50614.224 / Time: 0h:1m:26s (0h:0m:44s left)
Iteration 180 / LogL: -50628.007 / Time: 0h:1m:29s (0h:0m:38s left)
Iteration 190 / LogL: -50613.797 / Time: 0h:1m:32s (0h:0m:32s left)
Iteration 200 / LogL: -50612.590 / Time: 0h:1m:34s (0h:0m:26s left)
Log-likelihood cutoff on original alignment: -50637.224
NOTE: Bootstrap correlation coefficient of split occurrence frequencies: 0.983
NOTE: UFBoot does not converge, continue at least 100 more iterations
Iteration 210 / LogL: -50613.553 / Time: 0h:1m:37s (0h:0m:41s left)
Iteration 220 / LogL: -50614.399 / Time: 0h:1m:39s (0h:0m:36s left)
Iteration 230 / LogL: -50613.758 / Time: 0h:1m:42s (0h:0m:31s left)
Iteration 240 / LogL: -50616.410 / Time: 0h:1m:45s (0h:0m:26s left)
Iteration 250 / LogL: -50630.367 / Time: 0h:1m:47s (0h:0m:21s left)
Log-likelihood cutoff on original alignment: -50637.224
Iteration 260 / LogL: -50631.562 / Time: 0h:1m:49s (0h:0m:16s left)
Iteration 270 / LogL: -50634.638 / Time: 0h:1m:52s (0h:0m:12s left)
WARNING: NNI search needs unusual large number of steps (35) to converge!
Iteration 280 / LogL: -50615.787 / Time: 0h:1m:55s (0h:0m:8s left)
Iteration 290 / LogL: -50614.819 / Time: 0h:1m:58s (0h:0m:4s left)
Iteration 300 / LogL: -50613.583 / Time: 0h:2m:1s (0h:0m:0s left)
Log-likelihood cutoff on original alignment: -50637.224
NOTE: Bootstrap correlation coefficient of split occurrence frequencies: 0.968
NOTE: UFBoot does not converge, continue at least 100 more iterations
Iteration 310 / LogL: -50613.130 / Time: 0h:2m:3s (0h:0m:35s left)
Iteration 320 / LogL: -50614.472 / Time: 0h:2m:6s (0h:0m:31s left)
Iteration 330 / LogL: -50612.488 / Time: 0h:2m:9s (0h:0m:27s left)
Iteration 340 / LogL: -50612.215 / Time: 0h:2m:14s (0h:0m:23s left)
Iteration 350 / LogL: -50614.350 / Time: 0h:2m:17s (0h:0m:19s left)
Log-likelihood cutoff on original alignment: -50637.224
Iteration 360 / LogL: -50612.260 / Time: 0h:2m:21s (0h:0m:15s left)
WARNING: NNI search needs unusual large number of steps (35) to converge!
Iteration 370 / LogL: -50611.541 / Time: 0h:2m:25s (0h:0m:11s left)
Iteration 380 / LogL: -50615.474 / Time: 0h:2m:28s (0h:0m:7s left)
Iteration 390 / LogL: -50618.627 / Time: 0h:2m:32s (0h:0m:3s left)
WARNING: NNI search needs unusual large number of steps (35) to converge!
Iteration 400 / LogL: -50611.710 / Time: 0h:2m:36s (0h:0m:0s left)
Log-likelihood cutoff on original alignment: -50637.224
NOTE: Bootstrap correlation coefficient of split occurrence frequencies: 0.974
NOTE: UFBoot does not converge, continue at least 100 more iterations
Iteration 410 / LogL: -50612.794 / Time: 0h:2m:39s (0h:0m:35s left)
Iteration 420 / LogL: -50617.846 / Time: 0h:2m:42s (0h:0m:31s left)
Iteration 430 / LogL: -50615.808 / Time: 0h:2m:45s (0h:0m:27s left)
Iteration 440 / LogL: -50624.880 / Time: 0h:2m:48s (0h:0m:23s left)
Iteration 450 / LogL: -50613.679 / Time: 0h:2m:52s (0h:0m:19s left)
Log-likelihood cutoff on original alignment: -50637.224
Iteration 460 / LogL: -50618.854 / Time: 0h:2m:56s (0h:0m:15s left)
Iteration 470 / LogL: -50612.499 / Time: 0h:2m:59s (0h:0m:11s left)
Iteration 480 / LogL: -50614.461 / Time: 0h:3m:2s (0h:0m:7s left)
Iteration 490 / LogL: -50614.777 / Time: 0h:3m:5s (0h:0m:3s left)
Iteration 500 / LogL: -50611.890 / Time: 0h:3m:9s (0h:0m:0s left)
Log-likelihood cutoff on original alignment: -50637.224
NOTE: Bootstrap correlation coefficient of split occurrence frequencies: 0.979
NOTE: UFBoot does not converge, continue at least 100 more iterations
Iteration 510 / LogL: -50613.012 / Time: 0h:3m:12s (0h:0m:34s left)
Iteration 520 / LogL: -50612.446 / Time: 0h:3m:16s (0h:0m:30s left)
Iteration 530 / LogL: -50613.265 / Time: 0h:3m:19s (0h:0m:26s left)
Iteration 540 / LogL: -50613.616 / Time: 0h:3m:22s (0h:0m:22s left)
Iteration 550 / LogL: -50615.733 / Time: 0h:3m:26s (0h:0m:18s left)
Log-likelihood cutoff on original alignment: -50637.224
Iteration 560 / LogL: -50612.025 / Time: 0h:3m:29s (0h:0m:15s left)
Iteration 570 / LogL: -50613.035 / Time: 0h:3m:32s (0h:0m:11s left)
Iteration 580 / LogL: -50612.094 / Time: 0h:3m:37s (0h:0m:7s left)
Iteration 590 / LogL: -50615.458 / Time: 0h:3m:40s (0h:0m:3s left)
Iteration 600 / LogL: -50612.633 / Time: 0h:3m:44s (0h:0m:0s left)
Log-likelihood cutoff on original alignment: -50637.224
NOTE: Bootstrap correlation coefficient of split occurrence frequencies: 0.978
NOTE: UFBoot does not converge, continue at least 100 more iterations
Iteration 610 / LogL: -50612.833 / Time: 0h:3m:47s (0h:0m:33s left)
Iteration 620 / LogL: -50612.812 / Time: 0h:3m:51s (0h:0m:29s left)
Iteration 630 / LogL: -50618.914 / Time: 0h:3m:54s (0h:0m:26s left)
Iteration 640 / LogL: -50611.086 / Time: 0h:3m:59s (0h:0m:22s left)
Iteration 650 / LogL: -50619.131 / Time: 0h:4m:2s (0h:0m:18s left)
Log-likelihood cutoff on original alignment: -50637.224
Iteration 660 / LogL: -50614.197 / Time: 0h:4m:6s (0h:0m:14s left)
Iteration 670 / LogL: -50614.001 / Time: 0h:4m:10s (0h:0m:11s left)
Iteration 680 / LogL: -50614.828 / Time: 0h:4m:14s (0h:0m:7s left)
Iteration 690 / LogL: -50613.278 / Time: 0h:4m:18s (0h:0m:3s left)
Iteration 700 / LogL: -50613.352 / Time: 0h:4m:22s (0h:0m:0s left)
Log-likelihood cutoff on original alignment: -50637.224
NOTE: Bootstrap correlation coefficient of split occurrence frequencies: 0.984
NOTE: UFBoot does not converge, continue at least 100 more iterations
Iteration 710 / LogL: -50613.074 / Time: 0h:4m:25s (0h:0m:33s left)
Iteration 720 / LogL: -50615.489 / Time: 0h:4m:28s (0h:0m:29s left)
Iteration 730 / LogL: -50614.029 / Time: 0h:4m:33s (0h:0m:26s left)
Iteration 740 / LogL: -50612.962 / Time: 0h:4m:36s (0h:0m:22s left)
Iteration 750 / LogL: -50618.246 / Time: 0h:4m:40s (0h:0m:18s left)
Log-likelihood cutoff on original alignment: -50637.224
Iteration 760 / LogL: -50612.816 / Time: 0h:4m:43s (0h:0m:14s left)
Estimate model parameters (epsilon = 0.100)
BETTER TREE FOUND at iteration 766: -50610.798
Iteration 770 / LogL: -50741.362 / Time: 0h:4m:46s (0h:0m:35s left)
Iteration 780 / LogL: -50615.418 / Time: 0h:4m:48s (0h:0m:31s left)
Iteration 790 / LogL: -50749.479 / Time: 0h:4m:50s (0h:0m:27s left)
Iteration 800 / LogL: -50744.096 / Time: 0h:4m:52s (0h:0m:24s left)
Log-likelihood cutoff on original alignment: -50637.224
NOTE: Bootstrap correlation coefficient of split occurrence frequencies: 0.989
NOTE: UFBoot does not converge, continue at least 100 more iterations
Iteration 810 / LogL: -50738.745 / Time: 0h:4m:54s (0h:0m:32s left)
Iteration 820 / LogL: -50618.512 / Time: 0h:4m:56s (0h:0m:28s left)
Iteration 830 / LogL: -50742.103 / Time: 0h:4m:58s (0h:0m:25s left)
Iteration 840 / LogL: -50617.272 / Time: 0h:5m:0s (0h:0m:21s left)
Iteration 850 / LogL: -50745.836 / Time: 0h:5m:2s (0h:0m:17s left)
Log-likelihood cutoff on original alignment: -50637.224
Iteration 860 / LogL: -50742.293 / Time: 0h:5m:4s (0h:0m:14s left)
Iteration 870 / LogL: -50733.158 / Time: 0h:5m:6s (0h:0m:10s left)
Iteration 880 / LogL: -50746.105 / Time: 0h:5m:8s (0h:0m:7s left)
Iteration 890 / LogL: -50737.404 / Time: 0h:5m:10s (0h:0m:3s left)
Iteration 900 / LogL: -50621.527 / Time: 0h:5m:12s (0h:0m:0s left)
Log-likelihood cutoff on original alignment: -50637.224
NOTE: Bootstrap correlation coefficient of split occurrence frequencies: 0.992
TREE SEARCH COMPLETED AFTER 900 ITERATIONS / Time: 0h:5m:12s

--------------------------------------------------------------------
|                    FINALIZING TREE SEARCH                        |
--------------------------------------------------------------------
Performs final model parameters optimization
Estimate model parameters (epsilon = 0.010)
1. Initial log-likelihood: -50610.798
2. Current log-likelihood: -50610.784
Optimal log-likelihood: -50610.778
Rate parameters:  A-C: 1.794  A-G: 0.492  A-T: 0.649  C-G: 1.256  C-T: 0.539  G-T: 1.000
Base frequencies:   A: 0.386  C: 0.163  G: 0.232  T: 0.219
Site proportion and rates:  (0.208,0.001) (0.263,1.268) (0.264,1.261) (0.264,1.261)
Parameters optimization took 2 rounds (0.168 sec)
BEST SCORE FOUND : -50610.778

Testing tree branches by SH-like aLRT with 1000 replicates...
CPU Time used:  0.752 sec.
Creating bootstrap support values...
Split supports printed to NEXUS file sequence_all_seed_number_2_model1.fasta.splits.nex
Total tree length: 89042.495

Total number of iterations: 900
CPU time used for tree search: 602.024 sec (0h:10m:2s)
Wall-clock time used for tree search: 301.330 sec (0h:5m:1s)
Total CPU time used: 625.600 sec (0h:10m:25s)
Total wall-clock time used: 313.332 sec (0h:5m:13s)

Computing bootstrap consensus tree...
Reading input file sequence_all_seed_number_2_model1.fasta.splits.nex...
38 taxa and 1007 splits.
Consensus tree written to sequence_all_seed_number_2_model1.fasta.contree
Reading input trees file sequence_all_seed_number_2_model1.fasta.contree
Log-likelihood of consensus tree: -50883.295

Analysis results written to: 
  IQ-TREE report:                sequence_all_seed_number_2_model1.fasta.iqtree
  Maximum-likelihood tree:       sequence_all_seed_number_2_model1.fasta.treefile
  Likelihood distances:          sequence_all_seed_number_2_model1.fasta.mldist

Ultrafast bootstrap approximation results written to:
  Split support values:          sequence_all_seed_number_2_model1.fasta.splits.nex
  Consensus tree:                sequence_all_seed_number_2_model1.fasta.contree
  Screen log file:               sequence_all_seed_number_2_model1.fasta.log

Date and Time: Sat Oct 21 17:42:04 2017
